Virtual environment found, activating
Using GPU: NVIDIA GeForce RTX 3060
Device set to: cuda
Saved cache file: cache/static/trainset_56spk_buckets.pkl
Saved cache file: cache/static/trainset_28spk_buckets.pkl
--- Dataset ../ED-Noisy-Speech-Datashare loaded successfully ---
@ Time ../ED-Noisy-Speech-Datashare Loading: 298.05 seconds
--- Model `CED` loaded successfully ---
Training & Evaluating Model...
Epoch [1/10] - Loss: 0.8630, Val Loss: 0.8518, Val SNR: 1.08 dB
✔ Model saved to Models/CED_static.pth (Best Val Loss: 0.8518)
Epoch [2/10] - Loss: 0.8445, Val Loss: 0.8480, Val SNR: 1.09 dB
✔ Model saved to Models/CED_static.pth (Best Val Loss: 0.8480)
Epoch [3/10] - Loss: 0.8423, Val Loss: 0.8472, Val SNR: 1.09 dB
✔ Model saved to Models/CED_static.pth (Best Val Loss: 0.8472)
Epoch [4/10] - Loss: 0.8411, Val Loss: 0.8462, Val SNR: 1.09 dB
✔ Model saved to Models/CED_static.pth (Best Val Loss: 0.8462)
Epoch [5/10] - Loss: 0.8402, Val Loss: 0.8451, Val SNR: 1.09 dB
✔ Model saved to Models/CED_static.pth (Best Val Loss: 0.8451)
Epoch [6/10] - Loss: 0.8395, Val Loss: 0.8465, Val SNR: 1.09 dB
Epoch [7/10] - Loss: 0.8387, Val Loss: 0.8458, Val SNR: 1.09 dB
Epoch [8/10] - Loss: 0.8378, Val Loss: 0.8452, Val SNR: 1.09 dB
Epoch [9/10] - Loss: 0.8372, Val Loss: 0.8439, Val SNR: 1.09 dB
✔ Model saved to Models/CED_static.pth (Best Val Loss: 0.8439)
Epoch [10/10] - Loss: 0.8366, Val Loss: 0.8444, Val SNR: 1.09 dB
--- Training Complete ---
Job finished successfully

Job 44840 with name CED_STC has COMPLETED with Exit Code 0 after a runtime of 02:45:33

You have requested 8G of RAM and you used 64.56% of it, that is, 5.16G
You have requested 4 CPUS and you used 53.00% of them