Virtual environment found, activating
Using GPU: NVIDIA GeForce RTX 3060
Device set to: cuda
Loaded cache file: cache/static/trainset_56spk_buckets.pkl
Loaded cache file: cache/static/trainset_28spk_buckets.pkl
--- Dataset ../ED-Noisy-Speech-Datashare loaded successfully ---
@ Time ../ED-Noisy-Speech-Datashare Loading: 0.81 seconds
--- Model `CED` loaded successfully ---
Training & Evaluating Model...
Epoch [1/10] - Loss: 0.8580, Val Loss: 0.8517, Val SNR: 1.08 dB
✔ Model saved to Models/CED_static.pth (Best Val Loss: 0.8517)
Epoch [2/10] - Loss: 0.8430, Val Loss: 0.8450, Val SNR: 1.09 dB
✔ Model saved to Models/CED_static.pth (Best Val Loss: 0.8450)
Epoch [3/10] - Loss: 0.8411, Val Loss: 0.8445, Val SNR: 1.09 dB
✔ Model saved to Models/CED_static.pth (Best Val Loss: 0.8445)
Epoch [4/10] - Loss: 0.8402, Val Loss: 0.8434, Val SNR: 1.09 dB
✔ Model saved to Models/CED_static.pth (Best Val Loss: 0.8434)
Epoch [5/10] - Loss: 0.8395, Val Loss: 0.8428, Val SNR: 1.09 dB
✔ Model saved to Models/CED_static.pth (Best Val Loss: 0.8428)
Epoch [6/10] - Loss: 0.8389, Val Loss: 0.8426, Val SNR: 1.09 dB
✔ Model saved to Models/CED_static.pth (Best Val Loss: 0.8426)
Epoch [7/10] - Loss: 0.8384, Val Loss: 0.8424, Val SNR: 1.09 dB
✔ Model saved to Models/CED_static.pth (Best Val Loss: 0.8424)
Epoch [8/10] - Loss: 0.8378, Val Loss: 0.8426, Val SNR: 1.09 dB
Epoch [9/10] - Loss: 0.8372, Val Loss: 0.8421, Val SNR: 1.09 dB
✔ Model saved to Models/CED_static.pth (Best Val Loss: 0.8421)
Epoch [10/10] - Loss: 0.8367, Val Loss: 0.8410, Val SNR: 1.09 dB
✔ Model saved to Models/CED_static.pth (Best Val Loss: 0.8410)
--- Training Complete ---
Job finished successfully

Job 44818 with name CED_STC has COMPLETED with Exit Code 0 after a runtime of 02:40:42

You have requested 8G of RAM and you used 64.65% of it, that is, 5.17G
You have requested 4 CPUS and you used 53.17% of them
