Virtual environment found, activating
Using GPU: NVIDIA GeForce RTX 3060
Device set to: cuda
Loaded cache file: cache/dynamic/trainset_56spk_buckets.pkl
Loaded cache file: cache/dynamic/trainset_28spk_buckets.pkl
--- Dataset ../ED-Noisy-Speech-Datashare loaded successfully ---
@ Time ../ED-Noisy-Speech-Datashare Loading: 1.03 seconds
--- Model `CED` loaded successfully ---
Training & Evaluating Model...
Epoch [1/25] - Loss: 0.3703, Val Loss: 0.2799, Val SNR: 0.01 dB
✔ Model saved to Models/25/CED_dynamic.pth (Best Val Loss: 0.2799)
Epoch [2/25] - Loss: 0.2605, Val Loss: 0.2419, Val SNR: 0.15 dB
✔ Model saved to Models/25/CED_dynamic.pth (Best Val Loss: 0.2419)
Epoch [3/25] - Loss: 0.2355, Val Loss: 0.2232, Val SNR: 0.21 dB
✔ Model saved to Models/25/CED_dynamic.pth (Best Val Loss: 0.2232)
Epoch [4/25] - Loss: 0.2203, Val Loss: 0.2136, Val SNR: -0.08 dB
✔ Model saved to Models/25/CED_dynamic.pth (Best Val Loss: 0.2136)
Epoch [5/25] - Loss: 0.2090, Val Loss: 0.2082, Val SNR: 0.39 dB
✔ Model saved to Models/25/CED_dynamic.pth (Best Val Loss: 0.2082)
Epoch [6/25] - Loss: 0.2024, Val Loss: 0.2041, Val SNR: 0.46 dB
✔ Model saved to Models/25/CED_dynamic.pth (Best Val Loss: 0.2041)
Epoch [7/25] - Loss: 0.1958, Val Loss: 0.1972, Val SNR: 0.47 dB
✔ Model saved to Models/25/CED_dynamic.pth (Best Val Loss: 0.1972)
Epoch [8/25] - Loss: 0.1904, Val Loss: 0.1922, Val SNR: 0.57 dB
✔ Model saved to Models/25/CED_dynamic.pth (Best Val Loss: 0.1922)
Epoch [9/25] - Loss: 0.1859, Val Loss: 0.1876, Val SNR: 0.62 dB
✔ Model saved to Models/25/CED_dynamic.pth (Best Val Loss: 0.1876)
Epoch [10/25] - Loss: 0.1820, Val Loss: 0.1844, Val SNR: 0.64 dB
✔ Model saved to Models/25/CED_dynamic.pth (Best Val Loss: 0.1844)
Epoch [11/25] - Loss: 0.1735, Val Loss: 0.1782, Val SNR: 0.72 dB
✔ Model saved to Models/25/CED_dynamic.pth (Best Val Loss: 0.1782)
Epoch [12/25] - Loss: 0.1725, Val Loss: 0.1763, Val SNR: 0.75 dB
✔ Model saved to Models/25/CED_dynamic.pth (Best Val Loss: 0.1763)
Epoch [13/25] - Loss: 0.1711, Val Loss: 0.1753, Val SNR: 0.76 dB
✔ Model saved to Models/25/CED_dynamic.pth (Best Val Loss: 0.1753)
Epoch [14/25] - Loss: 0.1700, Val Loss: 0.1745, Val SNR: 0.77 dB
✔ Model saved to Models/25/CED_dynamic.pth (Best Val Loss: 0.1745)
Epoch [15/25] - Loss: 0.1689, Val Loss: 0.1738, Val SNR: 0.78 dB
✔ Model saved to Models/25/CED_dynamic.pth (Best Val Loss: 0.1738)
Epoch [16/25] - Loss: 0.1679, Val Loss: 0.1714, Val SNR: 0.81 dB
✔ Model saved to Models/25/CED_dynamic.pth (Best Val Loss: 0.1714)
Epoch [17/25] - Loss: 0.1671, Val Loss: 0.1707, Val SNR: 0.83 dB
✔ Model saved to Models/25/CED_dynamic.pth (Best Val Loss: 0.1707)
Epoch [18/25] - Loss: 0.1657, Val Loss: 0.1727, Val SNR: 0.83 dB
Epoch [19/25] - Loss: 0.1656, Val Loss: 0.1697, Val SNR: 0.84 dB
✔ Model saved to Models/25/CED_dynamic.pth (Best Val Loss: 0.1697)
Epoch [20/25] - Loss: 0.1648, Val Loss: 0.1691, Val SNR: 0.85 dB
✔ Model saved to Models/25/CED_dynamic.pth (Best Val Loss: 0.1691)
Epoch [21/25] - Loss: 0.1615, Val Loss: 0.1694, Val SNR: 0.86 dB
Epoch [22/25] - Loss: 0.1612, Val Loss: 0.1681, Val SNR: 0.87 dB
✔ Model saved to Models/25/CED_dynamic.pth (Best Val Loss: 0.1681)
Epoch [23/25] - Loss: 0.1607, Val Loss: 0.1679, Val SNR: 0.87 dB
✔ Model saved to Models/25/CED_dynamic.pth (Best Val Loss: 0.1679)
Epoch [24/25] - Loss: 0.1603, Val Loss: 0.1676, Val SNR: 0.88 dB
✔ Model saved to Models/25/CED_dynamic.pth (Best Val Loss: 0.1676)
Epoch [25/25] - Loss: 0.1599, Val Loss: 0.1675, Val SNR: 0.88 dB
✔ Model saved to Models/25/CED_dynamic.pth (Best Val Loss: 0.1675)
--- Training Complete ---
@ Total Training Time: 23546.16 seconds
@ Total Training Time: 392.44 minutes
@ Total Training Time: 6.54 hours
Job finished successfully

Job 45903 with name CED has COMPLETED with Exit Code 0 after a runtime of 06:32:44

You have requested 8G of RAM and you used 65.62% of it, that is, 5.25G
You have requested 4 CPUS and you used 53.28% of them
