Virtual environment found, activating
Using GPU: NVIDIA GeForce RTX 3060
Device set to: cuda
Loaded cache file: cache/dynamic/trainset_56spk_buckets.pkl
Loaded cache file: cache/dynamic/trainset_28spk_buckets.pkl
--- Dataset ../ED-Noisy-Speech-Datashare loaded successfully ---
@ Time ../ED-Noisy-Speech-Datashare Loading: 0.17 seconds
--- Model `ConvTasNet` loaded successfully ---
Training & Evaluating Model...
Epoch [1/25] - Loss: 0.1702, Val Loss: 0.0825, Val SNR: 5.08 dB
✔ Model saved to Models/25/ConvTasNet_dynamic.pth (Best Val Loss: 0.0825)
Epoch [2/25] - Loss: 0.0729, Val Loss: 0.0677, Val SNR: 6.63 dB
✔ Model saved to Models/25/ConvTasNet_dynamic.pth (Best Val Loss: 0.0677)
Epoch [3/25] - Loss: 0.0643, Val Loss: 0.0633, Val SNR: 6.95 dB
✔ Model saved to Models/25/ConvTasNet_dynamic.pth (Best Val Loss: 0.0633)
Epoch [4/25] - Loss: 0.0646, Val Loss: 0.0629, Val SNR: 6.56 dB
✔ Model saved to Models/25/ConvTasNet_dynamic.pth (Best Val Loss: 0.0629)
Epoch [5/25] - Loss: 0.0610, Val Loss: 0.0604, Val SNR: 6.91 dB
✔ Model saved to Models/25/ConvTasNet_dynamic.pth (Best Val Loss: 0.0604)
Epoch [6/25] - Loss: 0.0588, Val Loss: 0.0585, Val SNR: 5.88 dB
✔ Model saved to Models/25/ConvTasNet_dynamic.pth (Best Val Loss: 0.0585)
Epoch [7/25] - Loss: 0.0563, Val Loss: 0.0576, Val SNR: 5.08 dB
✔ Model saved to Models/25/ConvTasNet_dynamic.pth (Best Val Loss: 0.0576)
Epoch [8/25] - Loss: 0.0559, Val Loss: 0.0566, Val SNR: 6.80 dB
✔ Model saved to Models/25/ConvTasNet_dynamic.pth (Best Val Loss: 0.0566)
Epoch [9/25] - Loss: 0.0543, Val Loss: 0.0554, Val SNR: 6.95 dB
✔ Model saved to Models/25/ConvTasNet_dynamic.pth (Best Val Loss: 0.0554)
Epoch [10/25] - Loss: 0.0532, Val Loss: 0.0543, Val SNR: 5.84 dB
✔ Model saved to Models/25/ConvTasNet_dynamic.pth (Best Val Loss: 0.0543)
Epoch [11/25] - Loss: 0.0493, Val Loss: 0.0519, Val SNR: 8.37 dB
✔ Model saved to Models/25/ConvTasNet_dynamic.pth (Best Val Loss: 0.0519)
Epoch [12/25] - Loss: 0.0488, Val Loss: 0.0512, Val SNR: 8.74 dB
✔ Model saved to Models/25/ConvTasNet_dynamic.pth (Best Val Loss: 0.0512)
Epoch [13/25] - Loss: 0.0477, Val Loss: 0.0503, Val SNR: 8.43 dB
✔ Model saved to Models/25/ConvTasNet_dynamic.pth (Best Val Loss: 0.0503)
Epoch [14/25] - Loss: 0.0475, Val Loss: 0.0506, Val SNR: 8.87 dB
Epoch [15/25] - Loss: 0.0472, Val Loss: 0.0505, Val SNR: 8.79 dB
Epoch [16/25] - Loss: 0.0469, Val Loss: 0.0504, Val SNR: 9.07 dB
Epoch [17/25] - Loss: 0.0466, Val Loss: 0.0504, Val SNR: 8.36 dB
Epoch [18/25] - Loss: 0.0463, Val Loss: 0.0499, Val SNR: 8.73 dB
✔ Model saved to Models/25/ConvTasNet_dynamic.pth (Best Val Loss: 0.0499)
Epoch [19/25] - Loss: 0.0460, Val Loss: 0.0500, Val SNR: 8.64 dB
Epoch [20/25] - Loss: 0.0463, Val Loss: 0.0495, Val SNR: 8.89 dB
✔ Model saved to Models/25/ConvTasNet_dynamic.pth (Best Val Loss: 0.0495)
Epoch [21/25] - Loss: 0.0448, Val Loss: 0.0480, Val SNR: 9.33 dB
✔ Model saved to Models/25/ConvTasNet_dynamic.pth (Best Val Loss: 0.0480)
Epoch [22/25] - Loss: 0.0442, Val Loss: 0.0479, Val SNR: 9.18 dB
✔ Model saved to Models/25/ConvTasNet_dynamic.pth (Best Val Loss: 0.0479)
Epoch [23/25] - Loss: 0.0440, Val Loss: 0.0479, Val SNR: 9.24 dB
Epoch [24/25] - Loss: 0.0439, Val Loss: 0.0478, Val SNR: 9.26 dB
✔ Model saved to Models/25/ConvTasNet_dynamic.pth (Best Val Loss: 0.0478)
Epoch [25/25] - Loss: 0.0438, Val Loss: 0.0478, Val SNR: 9.23 dB
--- Training Complete ---
@ Total Training Time: 149101.64 seconds
@ Total Training Time: 2485.03 minutes
@ Total Training Time: 41.42 hours
Job finished successfully

Job 45950 with name ConvTasNet has COMPLETED with Exit Code 0 after a runtime of 1-17:25:13

You have requested 8G of RAM and you used 67.72% of it, that is, 5.42G
You have requested 4 CPUS and you used 28.84% of them