Virtual environment found, activating
Using GPU: NVIDIA GeForce RTX 3060
Device set to: cuda
Loaded cache file: cache/dynamic/trainset_56spk_buckets.pkl
Loaded cache file: cache/dynamic/trainset_28spk_buckets.pkl
--- Dataset ../ED-Noisy-Speech-Datashare loaded successfully ---
@ Time ../ED-Noisy-Speech-Datashare Loading: 0.79 seconds
--- Model `CNN` loaded successfully ---
Training & Evaluating Model...
Epoch [1/10] - Loss: 0.4454, Val Loss: 0.8919, Val SNR: 1.06 dB
✔ Model saved to Models/CNN_dynamic.pth (Best Val Loss: 0.8919)
Epoch [2/10] - Loss: 0.4420, Val Loss: 0.8896, Val SNR: 1.06 dB
✔ Model saved to Models/CNN_dynamic.pth (Best Val Loss: 0.8896)
Epoch [3/10] - Loss: 0.4416, Val Loss: 0.8893, Val SNR: 1.06 dB
✔ Model saved to Models/CNN_dynamic.pth (Best Val Loss: 0.8893)
Epoch [4/10] - Loss: 0.4414, Val Loss: 0.8893, Val SNR: 1.06 dB
✔ Model saved to Models/CNN_dynamic.pth (Best Val Loss: 0.8893)
Epoch [5/10] - Loss: 0.4412, Val Loss: 0.8890, Val SNR: 1.06 dB
✔ Model saved to Models/CNN_dynamic.pth (Best Val Loss: 0.8890)
Epoch [6/10] - Loss: 0.4411, Val Loss: 0.8889, Val SNR: 1.06 dB
✔ Model saved to Models/CNN_dynamic.pth (Best Val Loss: 0.8889)
Epoch [7/10] - Loss: 0.4410, Val Loss: 0.8888, Val SNR: 1.06 dB
✔ Model saved to Models/CNN_dynamic.pth (Best Val Loss: 0.8888)
Epoch [8/10] - Loss: 0.4408, Val Loss: 0.8886, Val SNR: 1.06 dB
✔ Model saved to Models/CNN_dynamic.pth (Best Val Loss: 0.8886)
Epoch [9/10] - Loss: 0.4407, Val Loss: 0.8884, Val SNR: 1.06 dB
✔ Model saved to Models/CNN_dynamic.pth (Best Val Loss: 0.8884)
Epoch [10/10] - Loss: 0.4407, Val Loss: 0.8883, Val SNR: 1.06 dB
✔ Model saved to Models/CNN_dynamic.pth (Best Val Loss: 0.8883)
--- Training Complete ---
Job finished successfully
