Virtual environment found, activating
Using GPU: NVIDIA GeForce RTX 3060
Device set to: cuda
Loaded cache file: cache/dynamic/trainset_56spk_buckets.pkl
Loaded cache file: cache/dynamic/trainset_28spk_buckets.pkl
--- Dataset ../ED-Noisy-Speech-Datashare loaded successfully ---
@ Time ../ED-Noisy-Speech-Datashare Loading: 0.12 seconds
--- Model `ConvTasNet` loaded successfully ---
Training & Evaluating Model...
Epoch [1/10] - Loss: 0.0608, Val Loss: 0.0822, Val SNR: 4.38 dB
✔ Model saved to Models/ConvTasNet_dynamic.pth (Best Val Loss: 0.0822)
Epoch [2/10] - Loss: 0.0375, Val Loss: 0.0670, Val SNR: 4.94 dB
✔ Model saved to Models/ConvTasNet_dynamic.pth (Best Val Loss: 0.0670)
Epoch [3/10] - Loss: 0.0339, Val Loss: 0.0629, Val SNR: 5.10 dB
✔ Model saved to Models/ConvTasNet_dynamic.pth (Best Val Loss: 0.0629)
Epoch [4/10] - Loss: 0.0312, Val Loss: 0.0614, Val SNR: 5.13 dB
✔ Model saved to Models/ConvTasNet_dynamic.pth (Best Val Loss: 0.0614)
Epoch [5/10] - Loss: 0.0303, Val Loss: 0.0633, Val SNR: 4.99 dB
Epoch [6/10] - Loss: 0.0298, Val Loss: 0.0575, Val SNR: 5.35 dB
✔ Model saved to Models/ConvTasNet_dynamic.pth (Best Val Loss: 0.0575)
Epoch [7/10] - Loss: 0.0285, Val Loss: 0.0587, Val SNR: 5.21 dB
Epoch [8/10] - Loss: 0.0281, Val Loss: 0.0582, Val SNR: 5.27 dB
Epoch [9/10] - Loss: 0.0267, Val Loss: 0.0546, Val SNR: 5.45 dB
✔ Model saved to Models/ConvTasNet_dynamic.pth (Best Val Loss: 0.0546)
Epoch [10/10] - Loss: 0.0257, Val Loss: 0.0544, Val SNR: 5.47 dB
✔ Model saved to Models/ConvTasNet_dynamic.pth (Best Val Loss: 0.0544)
--- Training Complete ---
Job finished successfully
