Virtual environment found, activating
Using GPU: NVIDIA GeForce RTX 3060
Device set to: cuda
Loaded cache file: cache/dynamic/trainset_56spk_buckets.pkl
Loaded cache file: cache/dynamic/trainset_28spk_buckets.pkl
--- Dataset ../ED-Noisy-Speech-Datashare loaded successfully ---
@ Time ../ED-Noisy-Speech-Datashare Loading: 0.76 seconds
--- Model `RCED` loaded successfully ---
Training & Evaluating Model...
Epoch [1/10] - Loss: 0.4044, Val Loss: 0.8112, Val SNR: 1.11 dB
✔ Model saved to Models/RCED_dynamic.pth (Best Val Loss: 0.8112)
Epoch [2/10] - Loss: 0.4013, Val Loss: 0.8094, Val SNR: 1.11 dB
✔ Model saved to Models/RCED_dynamic.pth (Best Val Loss: 0.8094)
Epoch [3/10] - Loss: 0.4009, Val Loss: 0.8090, Val SNR: 1.11 dB
✔ Model saved to Models/RCED_dynamic.pth (Best Val Loss: 0.8090)
Epoch [4/10] - Loss: 0.4008, Val Loss: 0.8087, Val SNR: 1.11 dB
✔ Model saved to Models/RCED_dynamic.pth (Best Val Loss: 0.8087)
Epoch [5/10] - Loss: 0.4007, Val Loss: 0.8085, Val SNR: 1.11 dB
✔ Model saved to Models/RCED_dynamic.pth (Best Val Loss: 0.8085)
Epoch [6/10] - Loss: 0.4006, Val Loss: 0.8084, Val SNR: 1.11 dB
✔ Model saved to Models/RCED_dynamic.pth (Best Val Loss: 0.8084)
Epoch [7/10] - Loss: 0.4005, Val Loss: 0.8090, Val SNR: 1.11 dB
Epoch [8/10] - Loss: 0.4005, Val Loss: 0.8086, Val SNR: 1.11 dB
Epoch [9/10] - Loss: 0.4003, Val Loss: 0.8079, Val SNR: 1.11 dB
✔ Model saved to Models/RCED_dynamic.pth (Best Val Loss: 0.8079)
Epoch [10/10] - Loss: 0.4002, Val Loss: 0.8080, Val SNR: 1.11 dB
--- Training Complete ---
Job finished successfully
