Virtual environment found, activating
Using GPU: NVIDIA GeForce RTX 3060
Device set to: cuda
Loaded cache file: cache/dynamic/trainset_56spk_buckets.pkl
Loaded cache file: cache/dynamic/trainset_28spk_buckets.pkl
--- Dataset ../ED-Noisy-Speech-Datashare loaded successfully ---
@ Time ../ED-Noisy-Speech-Datashare Loading: 0.90 seconds
--- Model `UNet` loaded successfully ---
Training & Evaluating Model...
Epoch [1/10] - Loss: 0.4025, Val Loss: 0.8038, Val SNR: 1.12 dB
✔ Model saved to Models/UNet_dynamic.pth (Best Val Loss: 0.8038)
Epoch [2/10] - Loss: 0.3987, Val Loss: 0.8017, Val SNR: 1.12 dB
✔ Model saved to Models/UNet_dynamic.pth (Best Val Loss: 0.8017)
Epoch [3/10] - Loss: 0.3982, Val Loss: 0.8010, Val SNR: 1.12 dB
✔ Model saved to Models/UNet_dynamic.pth (Best Val Loss: 0.8010)
Epoch [4/10] - Loss: 0.3979, Val Loss: 0.8003, Val SNR: 1.12 dB
✔ Model saved to Models/UNet_dynamic.pth (Best Val Loss: 0.8003)
Epoch [5/10] - Loss: 0.3975, Val Loss: 0.7999, Val SNR: 1.12 dB
✔ Model saved to Models/UNet_dynamic.pth (Best Val Loss: 0.7999)
Epoch [6/10] - Loss: 0.3973, Val Loss: 0.7996, Val SNR: 1.12 dB
✔ Model saved to Models/UNet_dynamic.pth (Best Val Loss: 0.7996)
Epoch [7/10] - Loss: 0.3970, Val Loss: 0.7993, Val SNR: 1.12 dB
✔ Model saved to Models/UNet_dynamic.pth (Best Val Loss: 0.7993)
Epoch [8/10] - Loss: 0.3969, Val Loss: 0.7992, Val SNR: 1.12 dB
✔ Model saved to Models/UNet_dynamic.pth (Best Val Loss: 0.7992)
Epoch [9/10] - Loss: 0.3967, Val Loss: 0.7989, Val SNR: 1.12 dB
✔ Model saved to Models/UNet_dynamic.pth (Best Val Loss: 0.7989)
Epoch [10/10] - Loss: 0.3966, Val Loss: 0.7988, Val SNR: 1.12 dB
✔ Model saved to Models/UNet_dynamic.pth (Best Val Loss: 0.7988)
--- Training Complete ---
Job finished successfully
