Virtual environment found, activating
Using GPU: NVIDIA GeForce RTX 3060
Device set to: cuda
Loaded cache file: cache/dynamic/trainset_56spk_buckets.pkl
Loaded cache file: cache/dynamic/trainset_28spk_buckets.pkl
--- Dataset ../ED-Noisy-Speech-Datashare loaded successfully ---
@ Time ../ED-Noisy-Speech-Datashare Loading: 0.79 seconds
--- Model `CNN` loaded successfully ---
Training & Evaluating Model...
Epoch [1/10] - Loss: 0.4455, Val Loss: 0.8927, Val SNR: 1.06 dB
✔ Model saved to Models/CNN_dynamic.pth (Best Val Loss: 0.8927)
Epoch [2/10] - Loss: 0.4421, Val Loss: 0.8905, Val SNR: 1.06 dB
✔ Model saved to Models/CNN_dynamic.pth (Best Val Loss: 0.8905)
Epoch [3/10] - Loss: 0.4417, Val Loss: 0.8901, Val SNR: 1.06 dB
✔ Model saved to Models/CNN_dynamic.pth (Best Val Loss: 0.8901)
Epoch [4/10] - Loss: 0.4414, Val Loss: 0.8897, Val SNR: 1.06 dB
✔ Model saved to Models/CNN_dynamic.pth (Best Val Loss: 0.8897)
Epoch [5/10] - Loss: 0.4412, Val Loss: 0.8893, Val SNR: 1.06 dB
✔ Model saved to Models/CNN_dynamic.pth (Best Val Loss: 0.8893)
Epoch [6/10] - Loss: 0.4411, Val Loss: 0.8893, Val SNR: 1.06 dB
Epoch [7/10] - Loss: 0.4410, Val Loss: 0.8889, Val SNR: 1.06 dB
✔ Model saved to Models/CNN_dynamic.pth (Best Val Loss: 0.8889)
Epoch [8/10] - Loss: 0.4409, Val Loss: 0.8891, Val SNR: 1.06 dB
Epoch [9/10] - Loss: 0.4408, Val Loss: 0.8885, Val SNR: 1.06 dB
✔ Model saved to Models/CNN_dynamic.pth (Best Val Loss: 0.8885)
Epoch [10/10] - Loss: 0.4407, Val Loss: 0.8886, Val SNR: 1.06 dB
--- Training Complete ---
Job finished successfully
