Virtual environment found, activating
Using GPU: NVIDIA GeForce RTX 3060
Device set to: cuda
Loaded cache file: cache/dynamic/trainset_56spk_buckets.pkl
Loaded cache file: cache/dynamic/trainset_28spk_buckets.pkl
--- Dataset ../ED-Noisy-Speech-Datashare loaded successfully ---
@ Time ../ED-Noisy-Speech-Datashare Loading: 0.62 seconds
--- Model `CED` loaded successfully ---
Training & Evaluating Model...
Epoch [1/10] - Loss: 0.8516, Val Loss: 0.8427, Val SNR: 1.09 dB
✔ Model saved to Models/CED_dynamic.pth (Best Val Loss: 0.8427)
Epoch [2/10] - Loss: 0.8350, Val Loss: 0.8380, Val SNR: 1.09 dB
✔ Model saved to Models/CED_dynamic.pth (Best Val Loss: 0.8380)
Epoch [3/10] - Loss: 0.8325, Val Loss: 0.8361, Val SNR: 1.09 dB
✔ Model saved to Models/CED_dynamic.pth (Best Val Loss: 0.8361)
Epoch [4/10] - Loss: 0.8308, Val Loss: 0.8349, Val SNR: 1.09 dB
✔ Model saved to Models/CED_dynamic.pth (Best Val Loss: 0.8349)
Epoch [5/10] - Loss: 0.8296, Val Loss: 0.8339, Val SNR: 1.10 dB
✔ Model saved to Models/CED_dynamic.pth (Best Val Loss: 0.8339)
Epoch [6/10] - Loss: 0.8288, Val Loss: 0.8328, Val SNR: 1.10 dB
✔ Model saved to Models/CED_dynamic.pth (Best Val Loss: 0.8328)
Epoch [7/10] - Loss: 0.8278, Val Loss: 0.8323, Val SNR: 1.10 dB
✔ Model saved to Models/CED_dynamic.pth (Best Val Loss: 0.8323)
Epoch [8/10] - Loss: 0.8275, Val Loss: 0.8313, Val SNR: 1.10 dB
✔ Model saved to Models/CED_dynamic.pth (Best Val Loss: 0.8313)
Epoch [9/10] - Loss: 0.8269, Val Loss: 0.8312, Val SNR: 1.10 dB
✔ Model saved to Models/CED_dynamic.pth (Best Val Loss: 0.8312)
Epoch [10/10] - Loss: 0.8263, Val Loss: 0.8315, Val SNR: 1.10 dB
--- Training Complete ---
@ Total Training Time: 9073.70 seconds
@ Total Training Time: 151.23 minutes
@ Total Training Time: 2.52 hours
Job finished successfully
