Clean complete
Latexmk: applying rule 'lualatex'...
This is LuaHBTeX, Version 1.14.0 (TeX Live 2022/dev/Debian) 
 restricted system commands enabled.
(./main.tex
LaTeX2e <2021-11-15> patch level 1
 L3 programming layer <2022-01-21> (./fict.cls
Document Class: fict 2022/12/20 Faculty of ICT Dissertation template
(/usr/share/texlive/texmf-dist/tex/latex/base/book.cls
Document Class: book 2021/10/04 v1.4n Standard LaTeX document class
(/usr/share/texlive/texmf-dist/tex/latex/base/bk12.clo))
(/usr/share/texlive/texmf-dist/tex/latex/fontspec/fontspec.sty
(/usr/share/texlive/texmf-dist/tex/latex/l3packages/xparse/xparse.sty
(/usr/share/texlive/texmf-dist/tex/latex/l3kernel/expl3.sty
(/usr/share/texlive/texmf-dist/tex/latex/l3backend/l3backend-luatex.def)))
(/usr/share/texlive/texmf-dist/tex/latex/fontspec/fontspec-luatex.sty
(/usr/share/texlive/texmf-dist/tex/latex/base/fontenc.sty)
(/usr/share/texlive/texmf-dist/tex/latex/fontspec/fontspec.cfg)))
(/usr/share/texlive/texmf-dist/tex/latex/lato/lato.sty
(/usr/share/texlive/texmf-dist/tex/latex/fontaxes/fontaxes.sty)
(/usr/share/texlive/texmf-dist/tex/generic/iftex/ifluatex.sty
(/usr/share/texlive/texmf-dist/tex/generic/iftex/iftex.sty))
(/usr/share/texlive/texmf-dist/tex/generic/iftex/ifxetex.sty)
(/usr/share/texlive/texmf-dist/tex/latex/xkeyval/xkeyval.sty
(/usr/share/texlive/texmf-dist/tex/generic/xkeyval/xkeyval.tex
(/usr/share/texlive/texmf-dist/tex/generic/xkeyval/xkvutils.tex
(/usr/share/texlive/texmf-dist/tex/generic/xkeyval/keyval.tex)))))
(/usr/share/texlive/texmf-dist/tex/latex/geometry/geometry.sty
(/usr/share/texlive/texmf-dist/tex/generic/iftex/ifvtex.sty))
(/usr/share/texlive/texmf-dist/tex/latex/setspace/setspace.sty)
(/usr/share/texlive/texmf-dist/tex/latex/graphics/graphicx.sty
(/usr/share/texlive/texmf-dist/tex/latex/graphics/graphics.sty
(/usr/share/texlive/texmf-dist/tex/latex/graphics/trig.sty)
(/usr/share/texlive/texmf-dist/tex/latex/graphics-cfg/graphics.cfg)
(/usr/share/texlive/texmf-dist/tex/latex/graphics-def/luatex.def)))
(/usr/share/texlive/texmf-dist/tex/latex/hyperref/hyperref.sty
(/usr/share/texlive/texmf-dist/tex/generic/ltxcmds/ltxcmds.sty)
(/usr/share/texlive/texmf-dist/tex/generic/pdftexcmds/pdftexcmds.sty
(/usr/share/texlive/texmf-dist/tex/generic/infwarerr/infwarerr.sty))
(/usr/share/texlive/texmf-dist/tex/generic/kvsetkeys/kvsetkeys.sty)
(/usr/share/texlive/texmf-dist/tex/generic/kvdefinekeys/kvdefinekeys.sty)
(/usr/share/texlive/texmf-dist/tex/generic/pdfescape/pdfescape.sty)
(/usr/share/texlive/texmf-dist/tex/latex/hycolor/hycolor.sty)
(/usr/share/texlive/texmf-dist/tex/latex/letltxmacro/letltxmacro.sty)
(/usr/share/texlive/texmf-dist/tex/latex/auxhook/auxhook.sty)
(/usr/share/texlive/texmf-dist/tex/latex/kvoptions/kvoptions.sty)
(/usr/share/texlive/texmf-dist/tex/latex/hyperref/pd1enc.def)
(/usr/share/texlive/texmf-dist/tex/latex/hyperref/hyperref-langpatches.def)
(/usr/share/texlive/texmf-dist/tex/generic/intcalc/intcalc.sty)
(/usr/share/texlive/texmf-dist/tex/generic/etexcmds/etexcmds.sty)
(/usr/share/texlive/texmf-dist/tex/latex/hyperref/puenc.def)
(/usr/share/texlive/texmf-dist/tex/latex/url/url.sty)
(/usr/share/texlive/texmf-dist/tex/generic/bitset/bitset.sty
(/usr/share/texlive/texmf-dist/tex/generic/bigintcalc/bigintcalc.sty))
(/usr/share/texlive/texmf-dist/tex/latex/base/atbegshi-ltx.sty))
(/usr/share/texlive/texmf-dist/tex/latex/hyperref/hluatex.def
(/usr/share/texlive/texmf-dist/tex/generic/stringenc/stringenc.sty)
(/usr/share/texlive/texmf-dist/tex/latex/base/atveryend-ltx.sty)
(/usr/share/texlive/texmf-dist/tex/latex/rerunfilecheck/rerunfilecheck.sty
(/usr/share/texlive/texmf-dist/tex/generic/uniquecounter/uniquecounter.sty)))
(/usr/share/texlive/texmf-dist/tex/latex/amsmath/amsmath.sty
For additional information on amsmath, use the `?' option.
(/usr/share/texlive/texmf-dist/tex/latex/amsmath/amstext.sty
(/usr/share/texlive/texmf-dist/tex/latex/amsmath/amsgen.sty))
(/usr/share/texlive/texmf-dist/tex/latex/amsmath/amsbsy.sty)
(/usr/share/texlive/texmf-dist/tex/latex/amsmath/amsopn.sty))
(/usr/share/texlive/texmf-dist/tex/latex/biblatex/biblatex.sty
(/usr/share/texlive/texmf-dist/tex/latex/etoolbox/etoolbox.sty)
(/usr/share/texlive/texmf-dist/tex/latex/logreq/logreq.sty
(/usr/share/texlive/texmf-dist/tex/latex/logreq/logreq.def))
(/usr/share/texlive/texmf-dist/tex/latex/base/ifthen.sty)
(/usr/share/texlive/texmf-dist/tex/latex/biblatex/blx-dm.def)
(/usr/share/texlive/texmf-dist/tex/latex/biblatex/blx-unicode.def)
(/usr/share/texlive/texmf-dist/tex/latex/biblatex/blx-compat.def)
(/usr/share/texlive/texmf-dist/tex/latex/biblatex/biblatex.def)
(/usr/share/texlive/texmf-dist/tex/latex/biblatex-ieee/ieee.bbx
(/usr/share/texlive/texmf-dist/tex/latex/biblatex/bbx/numeric-comp.bbx
(/usr/share/texlive/texmf-dist/tex/latex/biblatex/bbx/numeric.bbx
(/usr/share/texlive/texmf-dist/tex/latex/biblatex/bbx/standard.bbx))))
(/usr/share/texlive/texmf-dist/tex/latex/biblatex/cbx/numeric-comp.cbx)
(/usr/share/texlive/texmf-dist/tex/latex/biblatex/biblatex.cfg)
(/usr/share/texlive/texmf-dist/tex/latex/biblatex/blx-case-expl3.sty))
(/usr/share/texlive/texmf-dist/tex/latex/tabularray/tabularray.sty)
(/usr/share/texlive/texmf-dist/tex/latex/siunitx/siunitx.sty
(/usr/share/texlive/texmf-dist/tex/latex/translations/translations.sty)
(/usr/share/texlive/texmf-dist/tex/latex/l3packages/l3keys2e/l3keys2e.sty)
(/usr/share/texlive/texmf-dist/tex/latex/tools/array.sty))
(/usr/share/texlive/texmf-dist/tex/latex/titlesec/titlesec.sty)
(/usr/share/texlive/texmf-dist/tex/latex/apptools/apptools.sty)
(/usr/share/texlive/texmf-dist/tex/latex/tocloft/tocloft.sty)
(/usr/share/texlive/texmf-dist/tex/latex/caption/caption.sty
(/usr/share/texlive/texmf-dist/tex/latex/caption/caption3.sty))
(/usr/share/texlive/texmf-dist/tex/latex/algorithms/algorithm.sty
(/usr/share/texlive/texmf-dist/tex/latex/float/float.sty))
(/usr/share/texlive/texmf-dist/tex/latex/algorithmicx/algpseudocode.sty
(/usr/share/texlive/texmf-dist/tex/latex/algorithmicx/algorithmicx.sty
Document Style algorithmicx 1.2 - a greatly improved `algorithmic' style
)
Document Style - pseudocode environments for use with the `algorithmicx' style
) (/usr/share/texlive/texmf-dist/tex/latex/xcolor/xcolor.sty
(/usr/share/texlive/texmf-dist/tex/latex/graphics-cfg/color.cfg))
(/usr/share/texlive/texmf-dist/tex/latex/listings/listings.sty
(/usr/share/texlive/texmf-dist/tex/latex/listings/lstmisc.sty)
(/usr/share/texlive/texmf-dist/tex/latex/listings/listings.cfg))
(/usr/share/texlive/texmf-dist/tex/latex/glossaries/base/glossaries.sty
(/usr/share/texlive/texmf-dist/tex/latex/mfirstuc/mfirstuc.sty)
(/usr/share/texlive/texmf-dist/tex/latex/textcase/textcase.sty)
(/usr/share/texlive/texmf-dist/tex/latex/xfor/xfor.sty)
(/usr/share/texlive/texmf-dist/tex/latex/datatool/datatool-base.sty
(/usr/share/texlive/texmf-dist/tex/latex/substr/substr.sty)
(/usr/share/texlive/texmf-dist/tex/latex/datatool/datatool-fp.sty
(/usr/share/texlive/texmf-dist/tex/latex/fp/fp.sty
`Fixed Point Package', Version 0.8, April 2, 1995 (C) Michael Mehlich
(/usr/share/texlive/texmf-dist/tex/latex/fp/defpattern.sty)
(/usr/share/texlive/texmf-dist/tex/latex/fp/fp-basic.sty)
(/usr/share/texlive/texmf-dist/tex/latex/fp/fp-addons.sty)
(/usr/share/texlive/texmf-dist/tex/latex/fp/fp-snap.sty)
(/usr/share/texlive/texmf-dist/tex/latex/fp/fp-exp.sty)
(/usr/share/texlive/texmf-dist/tex/latex/fp/fp-trigo.sty)
(/usr/share/texlive/texmf-dist/tex/latex/fp/fp-pas.sty)
(/usr/share/texlive/texmf-dist/tex/latex/fp/fp-random.sty)
(/usr/share/texlive/texmf-dist/tex/latex/fp/fp-eqn.sty)
(/usr/share/texlive/texmf-dist/tex/latex/fp/fp-upn.sty)
(/usr/share/texlive/texmf-dist/tex/latex/fp/fp-eval.sty))))
(/usr/share/texlive/texmf-dist/tex/latex/glossaries/base/glossaries-compatible-
307.sty)
(/usr/share/texlive/texmf-dist/tex/latex/glossaries/styles/glossary-hypernav.st
y) (/usr/share/texlive/texmf-dist/tex/latex/glossaries/styles/glossary-list.sty
) (/usr/share/texlive/texmf-dist/tex/latex/glossaries/styles/glossary-long.sty
(/usr/share/texlive/texmf-dist/tex/latex/tools/longtable.sty))
(/usr/share/texlive/texmf-dist/tex/latex/glossaries/styles/glossary-super.sty
(/usr/share/texlive/texmf-dist/tex/latex/supertabular/supertabular.sty))
(/usr/share/texlive/texmf-dist/tex/latex/glossaries/styles/glossary-tree.sty))
(/usr/share/texlive/texmf-dist/tex/latex/fancyhdr/fancyhdr.sty))
(./content/glossary.tex) (./content/acronyms.tex) (./build/main.aux)
(/usr/share/texlive/texmf-dist/tex/latex/base/ts1cmr.fd)
*geometry* driver: auto-detecting
*geometry* detected driver: luatex
(/usr/share/texlive/texmf-dist/tex/context/base/mkii/supp-pdf.mkii
[Loading MPS to PDF converter (version 2006.09.02).]
) (/usr/share/texlive/texmf-dist/tex/latex/epstopdf-pkg/epstopdf-base.sty
(/usr/share/texlive/texmf-dist/tex/latex/latexconfig/epstopdf-sys.cfg))
(/usr/share/texlive/texmf-dist/tex/latex/hyperref/nameref.sty
(/usr/share/texlive/texmf-dist/tex/latex/refcount/refcount.sty)
(/usr/share/texlive/texmf-dist/tex/generic/gettitlestring/gettitlestring.sty))
(/usr/share/texlive/texmf-dist/tex/latex/biblatex/lbx/english.lbx)
No file main.bbl.
(/usr/share/texlive/texmf-dist/tex/latex/ninecolors/ninecolors.sty)
(/usr/share/texlive/texmf-dist/tex/latex/translations/translations-basic-dictio
nary-english.trsl)
(/usr/share/texlive/texmf-dist/tex/latex/caption/ltcaption.sty)
(./content/title.tex [1{/var/lib/texmf/fonts/map/pdftex/updmap/pdftex.map}<./co
ntent/figures/ict_logo.pdf>]) (./content/abstract.tex)
(./content/acknowledgements.tex
warning  (pdf backend): ignoring duplicate destination with the name 'page.i'
[1]) [2] [3] [4] [5]
No file main.acr.
[6]
No file main.gls.
[7] (./content/chapters/1_introduction/introduction.tex
Chapter 1.

LaTeX Warning: Citation 'loizou2013speech' on page 1 undefined on input line 7.


[1]

LaTeX Warning: Reference `fig:neuron_vs_ann' on page 2 undefined on input line 
23.


LaTeX Warning: Citation 'ghosh2020perceptron' on page 2 undefined on input line
 28.


LaTeX Warning: Citation 'ghosh2020perceptron' on page 2 undefined on input line
 28.

[2<./content/chapters/1_introduction/figures/neuron_vs_ann.png>])
(./content/chapters/2_background/background.tex [3] [4]
Chapter 2.

LaTeX Warning: Citation 'loizou2013speech' on page 5 undefined on input line 10
.


LaTeX Warning: Citation 'dubey2016evaluation' on page 5 undefined on input line
 17.


LaTeX Warning: Citation 'dubey2016evaluation' on page 5 undefined on input line
 17.


LaTeX Warning: Citation 'dubey2016evaluation' on page 5 undefined on input line
 20.

[5<./content/chapters/2_background/figures//specsub.png>]

LaTeX Warning: Citation 'loizou2013speech' on page 6 undefined on input line 37
.


LaTeX Warning: Citation 'loizou2013speech' on page 6 undefined on input line 43
.


LaTeX Warning: Citation 'dubey2016evaluation' on page 6 undefined on input line
 43.

[6]

LaTeX Warning: Citation 'dubey2016evaluation' on page 7 undefined on input line
 62.


LaTeX Warning: Citation 'dubey2016evaluation' on page 7 undefined on input line
 62.

[7<./content/chapters/2_background/figures//wiener_block.png>]

LaTeX Warning: Citation 'dubey2016evaluation' on page 8 undefined on input line
 83.


LaTeX Warning: Citation 'loizou2013speech' on page 8 undefined on input line 83
.

[8]) (./content/chapters/3_literature/literature.tex [9]
Chapter 3.

LaTeX Warning: Citation 'azarang2020review' on page 10 undefined on input line 
10.


LaTeX Warning: Citation 'vachhani2017dae' on page 10 undefined on input line 15
.


LaTeX Warning: Citation 'vachhani2017dae' on page 10 undefined on input line 15
.

[10<./content/chapters/3_literature/figures//autoencoder.png>]

LaTeX Warning: Citation 'epoch2021' on page 11 undefined on input line 29.


LaTeX Warning: Citation 'epoch2021' on page 11 undefined on input line 29.


LaTeX Warning: Citation 'kim2024residual' on page 11 undefined on input line 34
.


LaTeX Warning: Reference `chp:evaluation' on page 11 undefined on input line 36
.

) (./content/chapters/4_specification/specification.tex [11<./content/chapters/
3_literature/figures//weigths.png>]
Chapter 4.

LaTeX Warning: Citation 'edinburghdataset' on page 12 undefined on input line 1
0.


LaTeX Warning: Citation 'ccby4' on page 12 undefined on input line 10.

[12<./content/chapters/4_specification/figures//dataset_structure.png>])
(./content/chapters/5_design/design.tex [13<./content/chapters/4_specification/
figures//sample_waveform_and_transcript.png>] [14]
Chapter 5.

LaTeX Warning: Reference `sec:variable_length_handling' on page 15 undefined on
 input line 15.

[15]

LaTeX Warning: Reference `sec:dataset_exploration' on page 16 undefined on inpu
t line 31.


LaTeX Warning: `h' float specifier changed to `ht'.


LaTeX Warning: Reference `fig:max_padding' on page 16 undefined on input line 4
1.


LaTeX Warning: Citation 'yoon2020pto' on page 16 undefined on input line 43.

[16]

LaTeX Warning: Reference `chp:implementation' on page 17 undefined on input lin
e 45.


LaTeX Warning: Reference `chp:evaluation' on page 17 undefined on input line 45
.


LaTeX Warning: Reference `chp:literature_review' on page 17 undefined on input 
line 50.

[17<./content/chapters/5_design/figures//max_padding.png>] [18<./content/chapte
rs/5_design/figures//cnn.png>]

LaTeX Warning: Citation 'park2017acoustic' on page 19 undefined on input line 7
2.


LaTeX Warning: Citation 'park2017acoustic' on page 19 undefined on input line 7
7.


LaTeX Warning: Citation 'park2017acoustic' on page 19 undefined on input line 7
7.

[19<./content/chapters/5_design/figures//ced.png>]

LaTeX Warning: Citation 'park2017acoustic' on page 20 undefined on input line 9
0.


LaTeX Warning: Citation 'park2017acoustic' on page 20 undefined on input line 9
5.


LaTeX Warning: Citation 'park2017acoustic' on page 20 undefined on input line 9
5.


LaTeX Warning: `h' float specifier changed to `ht'.

[20]

LaTeX Warning: Citation 'ronneberger2015unet' on page 21 undefined on input lin
e 108.

[21<./content/chapters/5_design/figures//r-ced.png>] [22<./content/chapters/5_d
esign/figures//unet.png>]
Overfull \hbox (29.83405pt too wide) in paragraph at lines 128--128
|[]\TU/Lato(0)/b/n/14.4 Con-vo-lu-tional Time-domain Au-dio Sep-a-ra-tion Net-w
ork (Conv-TasNet)| 

LaTeX Warning: Citation 'luo2019conv' on page 23 undefined on input line 130.


LaTeX Warning: Reference `fig:convtasnet' on page 23 undefined on input line 13
0.


LaTeX Warning: Citation 'luo2019conv' on page 23 undefined on input line 135.


LaTeX Warning: Citation 'luo2019conv' on page 23 undefined on input line 135.


LaTeX Warning: `h' float specifier changed to `ht'.

[23]

LaTeX Warning: Citation 'park2017acoustic' on page 24 undefined on input line 1
51.

[24<./content/chapters/5_design/figures//conv-tasnet.png>]

LaTeX Warning: Citation 'luo2019conv' on page 25 undefined on input line 153.

) (./content/chapters/6_implementation/implementation.tex [25]
Chapter 6.

LaTeX Warning: Reference `sec:variable_length_handling' on page 26 undefined on
 input line 8.

[26] [27]

LaTeX Warning: Reference `sec:model_architecture' on page 28 undefined on input
 line 41.

[28] [29]

LaTeX Warning: Citation 'enwiki_lsd' on page 30 undefined on input line 78.

[30] [31]) (./content/chapters/7_evaluation/evaluation.tex [32]
Chapter 7.

LaTeX Warning: Reference `chp:literature_review' on page 33 undefined on input 
line 10.

[33] [34]

LaTeX Warning: Citation 'enwiki_lsd' on page 35 undefined on input line 51.

)

LaTeX Warning: Empty bibliography on input line 56.

(./content/appendices/appendix_a.tex [35]
Appendix A.
) (./content/appendices/appendix_b.tex [36]
Appendix B.
) [37
makeindex -s main.ist -t main.glg -o main.gls main.glo
makeindex -s main.ist -t main.alg -o main.acr main.acn
] (./build/main.aux)

LaTeX Warning: There were undefined references.


LaTeX Warning: Label(s) may have changed. Rerun to get cross-references right.


Package rerunfilecheck Warning: File `main.out' has changed.
(rerunfilecheck)                Rerun to get outlines right
(rerunfilecheck)                or use package `bookmark'.


Package biblatex Warning: Please (re)run Biber on the file:
(biblatex)                main
(biblatex)                and rerun LaTeX afterwards.

)
(see the transcript file for additional information)
 843 words of node memory still in use:
   6 hlist, 2 vlist, 2 rule, 2 glue, 4 kern, 1 glyph, 22 attribute, 111 glue_sp
ec, 22 attribute_list, 1 write nodes
   avail lists: 1:3,2:357,3:212,4:49,5:1028,6:54,7:7056,8:50,9:337,10:19,11:669

</usr/share/texmf/fonts/opentype/public/lm/lmmono12-regular.otf></usr/share/tex
live/texmf-dist/fonts/truetype/typoland/lato/Lato-Italic.ttf></usr/share/texliv
e/texmf-dist/fonts/truetype/typoland/lato/Lato-Regular.ttf></usr/share/texlive/
texmf-dist/fonts/truetype/typoland/lato/Lato-Bold.ttf></usr/share/texlive/texmf
-dist/fonts/type1/public/amsfonts/cm/cmex10.pfb></usr/share/texlive/texmf-dist/
fonts/type1/public/amsfonts/cm/cmmi12.pfb></usr/share/texlive/texmf-dist/fonts/
type1/public/amsfonts/cm/cmmi8.pfb></usr/share/texlive/texmf-dist/fonts/type1/p
ublic/amsfonts/cm/cmr12.pfb></usr/share/texlive/texmf-dist/fonts/type1/public/a
msfonts/cm/cmr8.pfb></usr/share/texlive/texmf-dist/fonts/type1/public/amsfonts/
cm/cmsy10.pfb></usr/share/texlive/texmf-dist/fonts/type1/public/amsfonts/cm/cms
y8.pfb>
Output written on main.pdf (45 pages, 2537245 bytes).
SyncTeX written on main.synctex.gz.
Transcript written on main.log.
Latexmk: Examining 'build/main.log'
=== TeX engine is 'LuaHBTeX'
Latexmk: applying rule 'cusdep glo gls build/main'...
makeglossaries version 4.49 (2021-11-01)
Changed to 'build/'
added glossary type 'main' (glg,gls,glo)
added glossary type 'acronym' (alg,acr,acn)
makeindex  -s "main.ist" -t "main.glg" -o "main.gls" "main.glo"
This is makeindex, version 2.15 [TeX Live 2022/dev] (kpathsea + Thai support).
Scanning style file ./main.ist.............................done (29 attributes redefined, 0 ignored).
Scanning input file main.glo...done (0 entries accepted, 0 rejected).
Nothing written in main.gls.
Transcript written in main.glg.
1 glossary ignored.
Latexmk: applying rule 'biber build/main'...
INFO - This is Biber 2.17
INFO - Logfile is 'build/main.blg'
INFO - Reading 'build/main.bcf'
INFO - Found 14 citekeys in bib section 0
INFO - Processing section 0
INFO - Looking for bibtex file 'references.bib' for section 0
INFO - LaTeX decoding ...
INFO - Found BibTeX data source 'references.bib'
INFO - Overriding locale 'en-US' defaults 'variable = shifted' with 'variable = non-ignorable'
INFO - Overriding locale 'en-US' defaults 'normalization = NFD' with 'normalization = prenormalized'
INFO - Sorting list 'none/global//global/global' of type 'entry' with template 'none' and locale 'en-US'
INFO - No sort tailoring available for locale 'en-US'
INFO - Writing 'build/main.bbl' with encoding 'UTF-8'
INFO - Output to build/main.bbl
WARN - I didn't find a database entry for 'luo2019conv' (section 0)
WARN - I didn't find a database entry for 'enwiki_lsd' (section 0)
INFO - WARNINGS: 2
Biber warning: [214] Biber.pm:130> WARN - I didn't find a database entry for 'luo2019conv' (section 0)
Biber warning: [214] Biber.pm:130> WARN - I didn't find a database entry for 'enwiki_lsd' (section 0)
Latexmk: applying rule 'cusdep acn acr build/main'...
makeglossaries version 4.49 (2021-11-01)
Changed to 'build/'
added glossary type 'main' (glg,gls,glo)
added glossary type 'acronym' (alg,acr,acn)
makeindex  -s "main.ist" -t "main.alg" -o "main.acr" "main.acn"
This is makeindex, version 2.15 [TeX Live 2022/dev] (kpathsea + Thai support).
Scanning style file ./main.ist.............................done (29 attributes redefined, 0 ignored).
Scanning input file main.acn...done (0 entries accepted, 0 rejected).
Nothing written in main.acr.
Transcript written in main.alg.
1 glossary ignored.
Latexmk: applying rule 'lualatex'...
This is LuaHBTeX, Version 1.14.0 (TeX Live 2022/dev/Debian) 
 restricted system commands enabled.
(./main.tex
LaTeX2e <2021-11-15> patch level 1
 L3 programming layer <2022-01-21> (./fict.cls
Document Class: fict 2022/12/20 Faculty of ICT Dissertation template
(/usr/share/texlive/texmf-dist/tex/latex/base/book.cls
Document Class: book 2021/10/04 v1.4n Standard LaTeX document class
(/usr/share/texlive/texmf-dist/tex/latex/base/bk12.clo))
(/usr/share/texlive/texmf-dist/tex/latex/fontspec/fontspec.sty
(/usr/share/texlive/texmf-dist/tex/latex/l3packages/xparse/xparse.sty
(/usr/share/texlive/texmf-dist/tex/latex/l3kernel/expl3.sty
(/usr/share/texlive/texmf-dist/tex/latex/l3backend/l3backend-luatex.def)))
(/usr/share/texlive/texmf-dist/tex/latex/fontspec/fontspec-luatex.sty
(/usr/share/texlive/texmf-dist/tex/latex/base/fontenc.sty)
(/usr/share/texlive/texmf-dist/tex/latex/fontspec/fontspec.cfg)))
(/usr/share/texlive/texmf-dist/tex/latex/lato/lato.sty
(/usr/share/texlive/texmf-dist/tex/latex/fontaxes/fontaxes.sty)
(/usr/share/texlive/texmf-dist/tex/generic/iftex/ifluatex.sty
(/usr/share/texlive/texmf-dist/tex/generic/iftex/iftex.sty))
(/usr/share/texlive/texmf-dist/tex/generic/iftex/ifxetex.sty)
(/usr/share/texlive/texmf-dist/tex/latex/xkeyval/xkeyval.sty
(/usr/share/texlive/texmf-dist/tex/generic/xkeyval/xkeyval.tex
(/usr/share/texlive/texmf-dist/tex/generic/xkeyval/xkvutils.tex
(/usr/share/texlive/texmf-dist/tex/generic/xkeyval/keyval.tex)))))
(/usr/share/texlive/texmf-dist/tex/latex/geometry/geometry.sty
(/usr/share/texlive/texmf-dist/tex/generic/iftex/ifvtex.sty))
(/usr/share/texlive/texmf-dist/tex/latex/setspace/setspace.sty)
(/usr/share/texlive/texmf-dist/tex/latex/graphics/graphicx.sty
(/usr/share/texlive/texmf-dist/tex/latex/graphics/graphics.sty
(/usr/share/texlive/texmf-dist/tex/latex/graphics/trig.sty)
(/usr/share/texlive/texmf-dist/tex/latex/graphics-cfg/graphics.cfg)
(/usr/share/texlive/texmf-dist/tex/latex/graphics-def/luatex.def)))
(/usr/share/texlive/texmf-dist/tex/latex/hyperref/hyperref.sty
(/usr/share/texlive/texmf-dist/tex/generic/ltxcmds/ltxcmds.sty)
(/usr/share/texlive/texmf-dist/tex/generic/pdftexcmds/pdftexcmds.sty
(/usr/share/texlive/texmf-dist/tex/generic/infwarerr/infwarerr.sty))
(/usr/share/texlive/texmf-dist/tex/generic/kvsetkeys/kvsetkeys.sty)
(/usr/share/texlive/texmf-dist/tex/generic/kvdefinekeys/kvdefinekeys.sty)
(/usr/share/texlive/texmf-dist/tex/generic/pdfescape/pdfescape.sty)
(/usr/share/texlive/texmf-dist/tex/latex/hycolor/hycolor.sty)
(/usr/share/texlive/texmf-dist/tex/latex/letltxmacro/letltxmacro.sty)
(/usr/share/texlive/texmf-dist/tex/latex/auxhook/auxhook.sty)
(/usr/share/texlive/texmf-dist/tex/latex/kvoptions/kvoptions.sty)
(/usr/share/texlive/texmf-dist/tex/latex/hyperref/pd1enc.def)
(/usr/share/texlive/texmf-dist/tex/latex/hyperref/hyperref-langpatches.def)
(/usr/share/texlive/texmf-dist/tex/generic/intcalc/intcalc.sty)
(/usr/share/texlive/texmf-dist/tex/generic/etexcmds/etexcmds.sty)
(/usr/share/texlive/texmf-dist/tex/latex/hyperref/puenc.def)
(/usr/share/texlive/texmf-dist/tex/latex/url/url.sty)
(/usr/share/texlive/texmf-dist/tex/generic/bitset/bitset.sty
(/usr/share/texlive/texmf-dist/tex/generic/bigintcalc/bigintcalc.sty))
(/usr/share/texlive/texmf-dist/tex/latex/base/atbegshi-ltx.sty))
(/usr/share/texlive/texmf-dist/tex/latex/hyperref/hluatex.def
(/usr/share/texlive/texmf-dist/tex/generic/stringenc/stringenc.sty)
(/usr/share/texlive/texmf-dist/tex/latex/base/atveryend-ltx.sty)
(/usr/share/texlive/texmf-dist/tex/latex/rerunfilecheck/rerunfilecheck.sty
(/usr/share/texlive/texmf-dist/tex/generic/uniquecounter/uniquecounter.sty)))
(/usr/share/texlive/texmf-dist/tex/latex/amsmath/amsmath.sty
For additional information on amsmath, use the `?' option.
(/usr/share/texlive/texmf-dist/tex/latex/amsmath/amstext.sty
(/usr/share/texlive/texmf-dist/tex/latex/amsmath/amsgen.sty))
(/usr/share/texlive/texmf-dist/tex/latex/amsmath/amsbsy.sty)
(/usr/share/texlive/texmf-dist/tex/latex/amsmath/amsopn.sty))
(/usr/share/texlive/texmf-dist/tex/latex/biblatex/biblatex.sty
(/usr/share/texlive/texmf-dist/tex/latex/etoolbox/etoolbox.sty)
(/usr/share/texlive/texmf-dist/tex/latex/logreq/logreq.sty
(/usr/share/texlive/texmf-dist/tex/latex/logreq/logreq.def))
(/usr/share/texlive/texmf-dist/tex/latex/base/ifthen.sty)
(/usr/share/texlive/texmf-dist/tex/latex/biblatex/blx-dm.def)
(/usr/share/texlive/texmf-dist/tex/latex/biblatex/blx-unicode.def)
(/usr/share/texlive/texmf-dist/tex/latex/biblatex/blx-compat.def)
(/usr/share/texlive/texmf-dist/tex/latex/biblatex/biblatex.def)
(/usr/share/texlive/texmf-dist/tex/latex/biblatex-ieee/ieee.bbx
(/usr/share/texlive/texmf-dist/tex/latex/biblatex/bbx/numeric-comp.bbx
(/usr/share/texlive/texmf-dist/tex/latex/biblatex/bbx/numeric.bbx
(/usr/share/texlive/texmf-dist/tex/latex/biblatex/bbx/standard.bbx))))
(/usr/share/texlive/texmf-dist/tex/latex/biblatex/cbx/numeric-comp.cbx)
(/usr/share/texlive/texmf-dist/tex/latex/biblatex/biblatex.cfg)
(/usr/share/texlive/texmf-dist/tex/latex/biblatex/blx-case-expl3.sty))
(/usr/share/texlive/texmf-dist/tex/latex/tabularray/tabularray.sty)
(/usr/share/texlive/texmf-dist/tex/latex/siunitx/siunitx.sty
(/usr/share/texlive/texmf-dist/tex/latex/translations/translations.sty)
(/usr/share/texlive/texmf-dist/tex/latex/l3packages/l3keys2e/l3keys2e.sty)
(/usr/share/texlive/texmf-dist/tex/latex/tools/array.sty))
(/usr/share/texlive/texmf-dist/tex/latex/titlesec/titlesec.sty)
(/usr/share/texlive/texmf-dist/tex/latex/apptools/apptools.sty)
(/usr/share/texlive/texmf-dist/tex/latex/tocloft/tocloft.sty)
(/usr/share/texlive/texmf-dist/tex/latex/caption/caption.sty
(/usr/share/texlive/texmf-dist/tex/latex/caption/caption3.sty))
(/usr/share/texlive/texmf-dist/tex/latex/algorithms/algorithm.sty
(/usr/share/texlive/texmf-dist/tex/latex/float/float.sty))
(/usr/share/texlive/texmf-dist/tex/latex/algorithmicx/algpseudocode.sty
(/usr/share/texlive/texmf-dist/tex/latex/algorithmicx/algorithmicx.sty
Document Style algorithmicx 1.2 - a greatly improved `algorithmic' style
)
Document Style - pseudocode environments for use with the `algorithmicx' style
) (/usr/share/texlive/texmf-dist/tex/latex/xcolor/xcolor.sty
(/usr/share/texlive/texmf-dist/tex/latex/graphics-cfg/color.cfg))
(/usr/share/texlive/texmf-dist/tex/latex/listings/listings.sty
(/usr/share/texlive/texmf-dist/tex/latex/listings/lstmisc.sty)
(/usr/share/texlive/texmf-dist/tex/latex/listings/listings.cfg))
(/usr/share/texlive/texmf-dist/tex/latex/glossaries/base/glossaries.sty
(/usr/share/texlive/texmf-dist/tex/latex/mfirstuc/mfirstuc.sty)
(/usr/share/texlive/texmf-dist/tex/latex/textcase/textcase.sty)
(/usr/share/texlive/texmf-dist/tex/latex/xfor/xfor.sty)
(/usr/share/texlive/texmf-dist/tex/latex/datatool/datatool-base.sty
(/usr/share/texlive/texmf-dist/tex/latex/substr/substr.sty)
(/usr/share/texlive/texmf-dist/tex/latex/datatool/datatool-fp.sty
(/usr/share/texlive/texmf-dist/tex/latex/fp/fp.sty
`Fixed Point Package', Version 0.8, April 2, 1995 (C) Michael Mehlich
(/usr/share/texlive/texmf-dist/tex/latex/fp/defpattern.sty)
(/usr/share/texlive/texmf-dist/tex/latex/fp/fp-basic.sty)
(/usr/share/texlive/texmf-dist/tex/latex/fp/fp-addons.sty)
(/usr/share/texlive/texmf-dist/tex/latex/fp/fp-snap.sty)
(/usr/share/texlive/texmf-dist/tex/latex/fp/fp-exp.sty)
(/usr/share/texlive/texmf-dist/tex/latex/fp/fp-trigo.sty)
(/usr/share/texlive/texmf-dist/tex/latex/fp/fp-pas.sty)
(/usr/share/texlive/texmf-dist/tex/latex/fp/fp-random.sty)
(/usr/share/texlive/texmf-dist/tex/latex/fp/fp-eqn.sty)
(/usr/share/texlive/texmf-dist/tex/latex/fp/fp-upn.sty)
(/usr/share/texlive/texmf-dist/tex/latex/fp/fp-eval.sty))))
(/usr/share/texlive/texmf-dist/tex/latex/glossaries/base/glossaries-compatible-
307.sty)
(/usr/share/texlive/texmf-dist/tex/latex/glossaries/styles/glossary-hypernav.st
y) (/usr/share/texlive/texmf-dist/tex/latex/glossaries/styles/glossary-list.sty
) (/usr/share/texlive/texmf-dist/tex/latex/glossaries/styles/glossary-long.sty
(/usr/share/texlive/texmf-dist/tex/latex/tools/longtable.sty))
(/usr/share/texlive/texmf-dist/tex/latex/glossaries/styles/glossary-super.sty
(/usr/share/texlive/texmf-dist/tex/latex/supertabular/supertabular.sty))
(/usr/share/texlive/texmf-dist/tex/latex/glossaries/styles/glossary-tree.sty))
(/usr/share/texlive/texmf-dist/tex/latex/fancyhdr/fancyhdr.sty))
(./content/glossary.tex) (./content/acronyms.tex) (./build/main.aux)
(/usr/share/texlive/texmf-dist/tex/latex/base/ts1cmr.fd)
*geometry* driver: auto-detecting
*geometry* detected driver: luatex
(/usr/share/texlive/texmf-dist/tex/context/base/mkii/supp-pdf.mkii
[Loading MPS to PDF converter (version 2006.09.02).]
) (/usr/share/texlive/texmf-dist/tex/latex/epstopdf-pkg/epstopdf-base.sty
(/usr/share/texlive/texmf-dist/tex/latex/latexconfig/epstopdf-sys.cfg))
(/usr/share/texlive/texmf-dist/tex/latex/hyperref/nameref.sty
(/usr/share/texlive/texmf-dist/tex/latex/refcount/refcount.sty)
(/usr/share/texlive/texmf-dist/tex/generic/gettitlestring/gettitlestring.sty))
(./build/main.out) (./build/main.out)
(/usr/share/texlive/texmf-dist/tex/latex/biblatex/lbx/english.lbx)
(./build/main.bbl

Package biblatex Warning: The following entry could not be found
(biblatex)                in the database:
(biblatex)                enwiki_lsd
(biblatex)                Please verify the spelling and rerun
(biblatex)                LaTeX afterwards.


Package biblatex Warning: The following entry could not be found
(biblatex)                in the database:
(biblatex)                luo2019conv
(biblatex)                Please verify the spelling and rerun
(biblatex)                LaTeX afterwards.

) (/usr/share/texlive/texmf-dist/tex/latex/ninecolors/ninecolors.sty)
(/usr/share/texlive/texmf-dist/tex/latex/translations/translations-basic-dictio
nary-english.trsl)
(/usr/share/texlive/texmf-dist/tex/latex/caption/ltcaption.sty)
(./content/title.tex [1{/var/lib/texmf/fonts/map/pdftex/updmap/pdftex.map}<./co
ntent/figures/ict_logo.pdf>]) (./content/abstract.tex)
(./content/acknowledgements.tex
warning  (pdf backend): ignoring duplicate destination with the name 'page.i'
[1]) [2] (./build/main.toc [3]
Overfull \hbox (7.05997pt too wide) in paragraph at lines 29--29
 [][] [][]\TU/Lato(0)/m/n/12 Con-vo-lu-tional Time-domain Au-dio Sep-a-ra-tion 
Net-work (Conv-TasNet)[] []  
) [4] (./build/main.lof) [5] (./build/main.lot) [6] (./build/main.acr)
(./build/main.gls) (./content/chapters/1_introduction/introduction.tex
Chapter 1.
[1] [2<./content/chapters/1_introduction/figures/neuron_vs_ann.png>])
(./content/chapters/2_background/background.tex [3] [4]
Chapter 2.
[5<./content/chapters/2_background/figures//specsub.png>] [6] [7<./content/chap
ters/2_background/figures//wiener_block.png>] [8])
(./content/chapters/3_literature/literature.tex [9]
Chapter 3.
[10<./content/chapters/3_literature/figures//autoencoder.png>])
(./content/chapters/4_specification/specification.tex [11<./content/chapters/3_
literature/figures//weigths.png>]
Chapter 4.
[12<./content/chapters/4_specification/figures//dataset_structure.png>])
(./content/chapters/5_design/design.tex [13<./content/chapters/4_specification/
figures//sample_waveform_and_transcript.png>] [14]
Chapter 5.
[15]

LaTeX Warning: `h' float specifier changed to `ht'.

[16]

LaTeX Warning: Reference `chp:literature_review' on page 17 undefined on input 
line 50.

[17<./content/chapters/5_design/figures//max_padding.png>] [18<./content/chapte
rs/5_design/figures//cnn.png>] [19<./content/chapters/5_design/figures//ced.png
>]

LaTeX Warning: `h' float specifier changed to `ht'.

[20] [21<./content/chapters/5_design/figures//r-ced.png>] [22<./content/chapter
s/5_design/figures//unet.png>]
Overfull \hbox (29.83405pt too wide) in paragraph at lines 128--128
|[]\TU/Lato(0)/b/n/14.4 Con-vo-lu-tional Time-domain Au-dio Sep-a-ra-tion Net-w
ork (Conv-TasNet)| 

LaTeX Warning: Citation 'luo2019conv' on page 23 undefined on input line 130.


LaTeX Warning: Citation 'luo2019conv' on page 23 undefined on input line 135.


LaTeX Warning: Citation 'luo2019conv' on page 23 undefined on input line 135.


LaTeX Warning: `h' float specifier changed to `ht'.

[23] [24<./content/chapters/5_design/figures//conv-tasnet.png>]

LaTeX Warning: Citation 'luo2019conv' on page 25 undefined on input line 153.

) (./content/chapters/6_implementation/implementation.tex [25]
Chapter 6.
[26] [27] [28] [29]

LaTeX Warning: Citation 'enwiki_lsd' on page 30 undefined on input line 78.

[30] [31]) (./content/chapters/7_evaluation/evaluation.tex [32]
Chapter 7.

LaTeX Warning: Reference `chp:literature_review' on page 33 undefined on input 
line 10.

[33] [34]

LaTeX Warning: Citation 'enwiki_lsd' on page 35 undefined on input line 51.

) [35] [36] (./content/appendices/appendix_a.tex [37]
Appendix A.
) (./content/appendices/appendix_b.tex [38]
Appendix B.
) [39
makeindex -s main.ist -t main.glg -o main.gls main.glo
makeindex -s main.ist -t main.alg -o main.acr main.acn
] (./build/main.aux)

LaTeX Warning: There were undefined references.


Package biblatex Warning: Please rerun LaTeX.

)
(see the transcript file for additional information)
 863 words of node memory still in use:
   6 hlist, 2 vlist, 2 rule, 2 glue, 4 kern, 1 glyph, 23 attribute, 113 glue_sp
ec, 23 attribute_list, 1 write, 1 pdf_action nodes
   avail lists: 1:3,2:728,3:381,4:54,5:974,6:96,7:6982,8:113,9:400,10:19,11:653

</usr/share/texmf/fonts/opentype/public/lm/lmmono12-regular.otf></usr/share/tex
live/texmf-dist/fonts/truetype/typoland/lato/Lato-Italic.ttf></usr/share/texliv
e/texmf-dist/fonts/truetype/typoland/lato/Lato-Regular.ttf></usr/share/texlive/
texmf-dist/fonts/truetype/typoland/lato/Lato-Bold.ttf></usr/share/texlive/texmf
-dist/fonts/type1/public/amsfonts/cm/cmex10.pfb></usr/share/texlive/texmf-dist/
fonts/type1/public/amsfonts/cm/cmmi12.pfb></usr/share/texlive/texmf-dist/fonts/
type1/public/amsfonts/cm/cmmi8.pfb></usr/share/texlive/texmf-dist/fonts/type1/p
ublic/amsfonts/cm/cmr12.pfb></usr/share/texlive/texmf-dist/fonts/type1/public/a
msfonts/cm/cmr8.pfb></usr/share/texlive/texmf-dist/fonts/type1/public/amsfonts/
cm/cmsy10.pfb></usr/share/texlive/texmf-dist/fonts/type1/public/amsfonts/cm/cms
y8.pfb>
Output written on main.pdf (46 pages, 2554064 bytes).
SyncTeX written on main.synctex.gz.
Transcript written on main.log.
Latexmk: Examining 'build/main.log'
=== TeX engine is 'LuaHBTeX'
Biber warning: [214] Biber.pm:130> WARN - I didn't find a database entry for 'luo2019conv' (section 0)
Biber warning: [214] Biber.pm:130> WARN - I didn't find a database entry for 'enwiki_lsd' (section 0)
Latexmk: applying rule 'biber build/main'...
INFO - This is Biber 2.17
INFO - Logfile is 'build/main.blg'
INFO - Reading 'build/main.bcf'
INFO - Found 14 citekeys in bib section 0
INFO - Processing section 0
INFO - Looking for bibtex file 'references.bib' for section 0
INFO - LaTeX decoding ...
INFO - Found BibTeX data source 'references.bib'
INFO - Overriding locale 'en-US' defaults 'normalization = NFD' with 'normalization = prenormalized'
INFO - Overriding locale 'en-US' defaults 'variable = shifted' with 'variable = non-ignorable'
INFO - Sorting list 'none/global//global/global' of type 'entry' with template 'none' and locale 'en-US'
INFO - No sort tailoring available for locale 'en-US'
INFO - Writing 'build/main.bbl' with encoding 'UTF-8'
INFO - Output to build/main.bbl
WARN - I didn't find a database entry for 'luo2019conv' (section 0)
WARN - I didn't find a database entry for 'enwiki_lsd' (section 0)
INFO - WARNINGS: 2
Biber warning: [217] Biber.pm:130> WARN - I didn't find a database entry for 'luo2019conv' (section 0)
Biber warning: [217] Biber.pm:130> WARN - I didn't find a database entry for 'enwiki_lsd' (section 0)
Latexmk: applying rule 'lualatex'...
This is LuaHBTeX, Version 1.14.0 (TeX Live 2022/dev/Debian) 
 restricted system commands enabled.
(./main.tex
LaTeX2e <2021-11-15> patch level 1
 L3 programming layer <2022-01-21> (./fict.cls
Document Class: fict 2022/12/20 Faculty of ICT Dissertation template
(/usr/share/texlive/texmf-dist/tex/latex/base/book.cls
Document Class: book 2021/10/04 v1.4n Standard LaTeX document class
(/usr/share/texlive/texmf-dist/tex/latex/base/bk12.clo))
(/usr/share/texlive/texmf-dist/tex/latex/fontspec/fontspec.sty
(/usr/share/texlive/texmf-dist/tex/latex/l3packages/xparse/xparse.sty
(/usr/share/texlive/texmf-dist/tex/latex/l3kernel/expl3.sty
(/usr/share/texlive/texmf-dist/tex/latex/l3backend/l3backend-luatex.def)))
(/usr/share/texlive/texmf-dist/tex/latex/fontspec/fontspec-luatex.sty
(/usr/share/texlive/texmf-dist/tex/latex/base/fontenc.sty)
(/usr/share/texlive/texmf-dist/tex/latex/fontspec/fontspec.cfg)))
(/usr/share/texlive/texmf-dist/tex/latex/lato/lato.sty
(/usr/share/texlive/texmf-dist/tex/latex/fontaxes/fontaxes.sty)
(/usr/share/texlive/texmf-dist/tex/generic/iftex/ifluatex.sty
(/usr/share/texlive/texmf-dist/tex/generic/iftex/iftex.sty))
(/usr/share/texlive/texmf-dist/tex/generic/iftex/ifxetex.sty)
(/usr/share/texlive/texmf-dist/tex/latex/xkeyval/xkeyval.sty
(/usr/share/texlive/texmf-dist/tex/generic/xkeyval/xkeyval.tex
(/usr/share/texlive/texmf-dist/tex/generic/xkeyval/xkvutils.tex
(/usr/share/texlive/texmf-dist/tex/generic/xkeyval/keyval.tex)))))
(/usr/share/texlive/texmf-dist/tex/latex/geometry/geometry.sty
(/usr/share/texlive/texmf-dist/tex/generic/iftex/ifvtex.sty))
(/usr/share/texlive/texmf-dist/tex/latex/setspace/setspace.sty)
(/usr/share/texlive/texmf-dist/tex/latex/graphics/graphicx.sty
(/usr/share/texlive/texmf-dist/tex/latex/graphics/graphics.sty
(/usr/share/texlive/texmf-dist/tex/latex/graphics/trig.sty)
(/usr/share/texlive/texmf-dist/tex/latex/graphics-cfg/graphics.cfg)
(/usr/share/texlive/texmf-dist/tex/latex/graphics-def/luatex.def)))
(/usr/share/texlive/texmf-dist/tex/latex/hyperref/hyperref.sty
(/usr/share/texlive/texmf-dist/tex/generic/ltxcmds/ltxcmds.sty)
(/usr/share/texlive/texmf-dist/tex/generic/pdftexcmds/pdftexcmds.sty
(/usr/share/texlive/texmf-dist/tex/generic/infwarerr/infwarerr.sty))
(/usr/share/texlive/texmf-dist/tex/generic/kvsetkeys/kvsetkeys.sty)
(/usr/share/texlive/texmf-dist/tex/generic/kvdefinekeys/kvdefinekeys.sty)
(/usr/share/texlive/texmf-dist/tex/generic/pdfescape/pdfescape.sty)
(/usr/share/texlive/texmf-dist/tex/latex/hycolor/hycolor.sty)
(/usr/share/texlive/texmf-dist/tex/latex/letltxmacro/letltxmacro.sty)
(/usr/share/texlive/texmf-dist/tex/latex/auxhook/auxhook.sty)
(/usr/share/texlive/texmf-dist/tex/latex/kvoptions/kvoptions.sty)
(/usr/share/texlive/texmf-dist/tex/latex/hyperref/pd1enc.def)
(/usr/share/texlive/texmf-dist/tex/latex/hyperref/hyperref-langpatches.def)
(/usr/share/texlive/texmf-dist/tex/generic/intcalc/intcalc.sty)
(/usr/share/texlive/texmf-dist/tex/generic/etexcmds/etexcmds.sty)
(/usr/share/texlive/texmf-dist/tex/latex/hyperref/puenc.def)
(/usr/share/texlive/texmf-dist/tex/latex/url/url.sty)
(/usr/share/texlive/texmf-dist/tex/generic/bitset/bitset.sty
(/usr/share/texlive/texmf-dist/tex/generic/bigintcalc/bigintcalc.sty))
(/usr/share/texlive/texmf-dist/tex/latex/base/atbegshi-ltx.sty))
(/usr/share/texlive/texmf-dist/tex/latex/hyperref/hluatex.def
(/usr/share/texlive/texmf-dist/tex/generic/stringenc/stringenc.sty)
(/usr/share/texlive/texmf-dist/tex/latex/base/atveryend-ltx.sty)
(/usr/share/texlive/texmf-dist/tex/latex/rerunfilecheck/rerunfilecheck.sty
(/usr/share/texlive/texmf-dist/tex/generic/uniquecounter/uniquecounter.sty)))
(/usr/share/texlive/texmf-dist/tex/latex/amsmath/amsmath.sty
For additional information on amsmath, use the `?' option.
(/usr/share/texlive/texmf-dist/tex/latex/amsmath/amstext.sty
(/usr/share/texlive/texmf-dist/tex/latex/amsmath/amsgen.sty))
(/usr/share/texlive/texmf-dist/tex/latex/amsmath/amsbsy.sty)
(/usr/share/texlive/texmf-dist/tex/latex/amsmath/amsopn.sty))
(/usr/share/texlive/texmf-dist/tex/latex/biblatex/biblatex.sty
(/usr/share/texlive/texmf-dist/tex/latex/etoolbox/etoolbox.sty)
(/usr/share/texlive/texmf-dist/tex/latex/logreq/logreq.sty
(/usr/share/texlive/texmf-dist/tex/latex/logreq/logreq.def))
(/usr/share/texlive/texmf-dist/tex/latex/base/ifthen.sty)
(/usr/share/texlive/texmf-dist/tex/latex/biblatex/blx-dm.def)
(/usr/share/texlive/texmf-dist/tex/latex/biblatex/blx-unicode.def)
(/usr/share/texlive/texmf-dist/tex/latex/biblatex/blx-compat.def)
(/usr/share/texlive/texmf-dist/tex/latex/biblatex/biblatex.def)
(/usr/share/texlive/texmf-dist/tex/latex/biblatex-ieee/ieee.bbx
(/usr/share/texlive/texmf-dist/tex/latex/biblatex/bbx/numeric-comp.bbx
(/usr/share/texlive/texmf-dist/tex/latex/biblatex/bbx/numeric.bbx
(/usr/share/texlive/texmf-dist/tex/latex/biblatex/bbx/standard.bbx))))
(/usr/share/texlive/texmf-dist/tex/latex/biblatex/cbx/numeric-comp.cbx)
(/usr/share/texlive/texmf-dist/tex/latex/biblatex/biblatex.cfg)
(/usr/share/texlive/texmf-dist/tex/latex/biblatex/blx-case-expl3.sty))
(/usr/share/texlive/texmf-dist/tex/latex/tabularray/tabularray.sty)
(/usr/share/texlive/texmf-dist/tex/latex/siunitx/siunitx.sty
(/usr/share/texlive/texmf-dist/tex/latex/translations/translations.sty)
(/usr/share/texlive/texmf-dist/tex/latex/l3packages/l3keys2e/l3keys2e.sty)
(/usr/share/texlive/texmf-dist/tex/latex/tools/array.sty))
(/usr/share/texlive/texmf-dist/tex/latex/titlesec/titlesec.sty)
(/usr/share/texlive/texmf-dist/tex/latex/apptools/apptools.sty)
(/usr/share/texlive/texmf-dist/tex/latex/tocloft/tocloft.sty)
(/usr/share/texlive/texmf-dist/tex/latex/caption/caption.sty
(/usr/share/texlive/texmf-dist/tex/latex/caption/caption3.sty))
(/usr/share/texlive/texmf-dist/tex/latex/algorithms/algorithm.sty
(/usr/share/texlive/texmf-dist/tex/latex/float/float.sty))
(/usr/share/texlive/texmf-dist/tex/latex/algorithmicx/algpseudocode.sty
(/usr/share/texlive/texmf-dist/tex/latex/algorithmicx/algorithmicx.sty
Document Style algorithmicx 1.2 - a greatly improved `algorithmic' style
)
Document Style - pseudocode environments for use with the `algorithmicx' style
) (/usr/share/texlive/texmf-dist/tex/latex/xcolor/xcolor.sty
(/usr/share/texlive/texmf-dist/tex/latex/graphics-cfg/color.cfg))
(/usr/share/texlive/texmf-dist/tex/latex/listings/listings.sty
(/usr/share/texlive/texmf-dist/tex/latex/listings/lstmisc.sty)
(/usr/share/texlive/texmf-dist/tex/latex/listings/listings.cfg))
(/usr/share/texlive/texmf-dist/tex/latex/glossaries/base/glossaries.sty
(/usr/share/texlive/texmf-dist/tex/latex/mfirstuc/mfirstuc.sty)
(/usr/share/texlive/texmf-dist/tex/latex/textcase/textcase.sty)
(/usr/share/texlive/texmf-dist/tex/latex/xfor/xfor.sty)
(/usr/share/texlive/texmf-dist/tex/latex/datatool/datatool-base.sty
(/usr/share/texlive/texmf-dist/tex/latex/substr/substr.sty)
(/usr/share/texlive/texmf-dist/tex/latex/datatool/datatool-fp.sty
(/usr/share/texlive/texmf-dist/tex/latex/fp/fp.sty
`Fixed Point Package', Version 0.8, April 2, 1995 (C) Michael Mehlich
(/usr/share/texlive/texmf-dist/tex/latex/fp/defpattern.sty)
(/usr/share/texlive/texmf-dist/tex/latex/fp/fp-basic.sty)
(/usr/share/texlive/texmf-dist/tex/latex/fp/fp-addons.sty)
(/usr/share/texlive/texmf-dist/tex/latex/fp/fp-snap.sty)
(/usr/share/texlive/texmf-dist/tex/latex/fp/fp-exp.sty)
(/usr/share/texlive/texmf-dist/tex/latex/fp/fp-trigo.sty)
(/usr/share/texlive/texmf-dist/tex/latex/fp/fp-pas.sty)
(/usr/share/texlive/texmf-dist/tex/latex/fp/fp-random.sty)
(/usr/share/texlive/texmf-dist/tex/latex/fp/fp-eqn.sty)
(/usr/share/texlive/texmf-dist/tex/latex/fp/fp-upn.sty)
(/usr/share/texlive/texmf-dist/tex/latex/fp/fp-eval.sty))))
(/usr/share/texlive/texmf-dist/tex/latex/glossaries/base/glossaries-compatible-
307.sty)
(/usr/share/texlive/texmf-dist/tex/latex/glossaries/styles/glossary-hypernav.st
y) (/usr/share/texlive/texmf-dist/tex/latex/glossaries/styles/glossary-list.sty
) (/usr/share/texlive/texmf-dist/tex/latex/glossaries/styles/glossary-long.sty
(/usr/share/texlive/texmf-dist/tex/latex/tools/longtable.sty))
(/usr/share/texlive/texmf-dist/tex/latex/glossaries/styles/glossary-super.sty
(/usr/share/texlive/texmf-dist/tex/latex/supertabular/supertabular.sty))
(/usr/share/texlive/texmf-dist/tex/latex/glossaries/styles/glossary-tree.sty))
(/usr/share/texlive/texmf-dist/tex/latex/fancyhdr/fancyhdr.sty))
(./content/glossary.tex) (./content/acronyms.tex) (./build/main.aux)
(/usr/share/texlive/texmf-dist/tex/latex/base/ts1cmr.fd)
*geometry* driver: auto-detecting
*geometry* detected driver: luatex
(/usr/share/texlive/texmf-dist/tex/context/base/mkii/supp-pdf.mkii
[Loading MPS to PDF converter (version 2006.09.02).]
) (/usr/share/texlive/texmf-dist/tex/latex/epstopdf-pkg/epstopdf-base.sty
(/usr/share/texlive/texmf-dist/tex/latex/latexconfig/epstopdf-sys.cfg))
(/usr/share/texlive/texmf-dist/tex/latex/hyperref/nameref.sty
(/usr/share/texlive/texmf-dist/tex/latex/refcount/refcount.sty)
(/usr/share/texlive/texmf-dist/tex/generic/gettitlestring/gettitlestring.sty))
(./build/main.out) (./build/main.out)
(/usr/share/texlive/texmf-dist/tex/latex/biblatex/lbx/english.lbx)
(./build/main.bbl

Package biblatex Warning: The following entry could not be found
(biblatex)                in the database:
(biblatex)                enwiki_lsd
(biblatex)                Please verify the spelling and rerun
(biblatex)                LaTeX afterwards.


Package biblatex Warning: The following entry could not be found
(biblatex)                in the database:
(biblatex)                luo2019conv
(biblatex)                Please verify the spelling and rerun
(biblatex)                LaTeX afterwards.

) (/usr/share/texlive/texmf-dist/tex/latex/ninecolors/ninecolors.sty)
(/usr/share/texlive/texmf-dist/tex/latex/translations/translations-basic-dictio
nary-english.trsl)
(/usr/share/texlive/texmf-dist/tex/latex/caption/ltcaption.sty)
(./content/title.tex [1{/var/lib/texmf/fonts/map/pdftex/updmap/pdftex.map}<./co
ntent/figures/ict_logo.pdf>]) (./content/abstract.tex)
(./content/acknowledgements.tex
warning  (pdf backend): ignoring duplicate destination with the name 'page.i'
[1]) [2] (./build/main.toc [3]
Overfull \hbox (7.05997pt too wide) in paragraph at lines 29--29
 [][] [][]\TU/Lato(0)/m/n/12 Con-vo-lu-tional Time-domain Au-dio Sep-a-ra-tion 
Net-work (Conv-TasNet)[] []  
) [4] (./build/main.lof) [5] (./build/main.lot) [6] (./build/main.acr)
(./build/main.gls) (./content/chapters/1_introduction/introduction.tex
Chapter 1.
[1] [2<./content/chapters/1_introduction/figures/neuron_vs_ann.png>])
(./content/chapters/2_background/background.tex [3] [4]
Chapter 2.
[5<./content/chapters/2_background/figures//specsub.png>] [6] [7<./content/chap
ters/2_background/figures//wiener_block.png>] [8])
(./content/chapters/3_literature/literature.tex [9]
Chapter 3.
[10<./content/chapters/3_literature/figures//autoencoder.png>])
(./content/chapters/4_specification/specification.tex [11<./content/chapters/3_
literature/figures//weigths.png>]
Chapter 4.
[12<./content/chapters/4_specification/figures//dataset_structure.png>])
(./content/chapters/5_design/design.tex [13<./content/chapters/4_specification/
figures//sample_waveform_and_transcript.png>] [14]
Chapter 5.
[15]

LaTeX Warning: `h' float specifier changed to `ht'.

[16]

LaTeX Warning: Reference `chp:literature_review' on page 17 undefined on input 
line 50.

[17<./content/chapters/5_design/figures//max_padding.png>] [18<./content/chapte
rs/5_design/figures//cnn.png>] [19<./content/chapters/5_design/figures//ced.png
>]

LaTeX Warning: `h' float specifier changed to `ht'.

[20] [21<./content/chapters/5_design/figures//r-ced.png>] [22<./content/chapter
s/5_design/figures//unet.png>]
Overfull \hbox (29.83405pt too wide) in paragraph at lines 128--128
|[]\TU/Lato(0)/b/n/14.4 Con-vo-lu-tional Time-domain Au-dio Sep-a-ra-tion Net-w
ork (Conv-TasNet)| 

LaTeX Warning: Citation 'luo2019conv' on page 23 undefined on input line 130.


LaTeX Warning: Citation 'luo2019conv' on page 23 undefined on input line 135.


LaTeX Warning: Citation 'luo2019conv' on page 23 undefined on input line 135.


LaTeX Warning: `h' float specifier changed to `ht'.

[23] [24<./content/chapters/5_design/figures//conv-tasnet.png>]

LaTeX Warning: Citation 'luo2019conv' on page 25 undefined on input line 153.

) (./content/chapters/6_implementation/implementation.tex [25]
Chapter 6.
[26] [27] [28] [29]

LaTeX Warning: Citation 'enwiki_lsd' on page 30 undefined on input line 78.

[30] [31]) (./content/chapters/7_evaluation/evaluation.tex [32]
Chapter 7.

LaTeX Warning: Reference `chp:literature_review' on page 33 undefined on input 
line 10.

[33] [34]

LaTeX Warning: Citation 'enwiki_lsd' on page 35 undefined on input line 51.

) [35] [36] (./content/appendices/appendix_a.tex [37]
Appendix A.
) (./content/appendices/appendix_b.tex [38]
Appendix B.
) [39
makeindex -s main.ist -t main.glg -o main.gls main.glo
makeindex -s main.ist -t main.alg -o main.acr main.acn
] (./build/main.aux)

LaTeX Warning: There were undefined references.

)
(see the transcript file for additional information)
 863 words of node memory still in use:
   6 hlist, 2 vlist, 2 rule, 2 glue, 4 kern, 1 glyph, 23 attribute, 113 glue_sp
ec, 23 attribute_list, 1 write, 1 pdf_action nodes
   avail lists: 1:3,2:728,3:381,4:54,5:974,6:96,7:6982,8:113,9:400,10:19,11:653

</usr/share/texmf/fonts/opentype/public/lm/lmmono12-regular.otf></usr/share/tex
live/texmf-dist/fonts/truetype/typoland/lato/Lato-Italic.ttf></usr/share/texliv
e/texmf-dist/fonts/truetype/typoland/lato/Lato-Regular.ttf></usr/share/texlive/
texmf-dist/fonts/truetype/typoland/lato/Lato-Bold.ttf></usr/share/texlive/texmf
-dist/fonts/type1/public/amsfonts/cm/cmex10.pfb></usr/share/texlive/texmf-dist/
fonts/type1/public/amsfonts/cm/cmmi12.pfb></usr/share/texlive/texmf-dist/fonts/
type1/public/amsfonts/cm/cmmi8.pfb></usr/share/texlive/texmf-dist/fonts/type1/p
ublic/amsfonts/cm/cmr12.pfb></usr/share/texlive/texmf-dist/fonts/type1/public/a
msfonts/cm/cmr8.pfb></usr/share/texlive/texmf-dist/fonts/type1/public/amsfonts/
cm/cmsy10.pfb></usr/share/texlive/texmf-dist/fonts/type1/public/amsfonts/cm/cms
y8.pfb>
Output written on main.pdf (46 pages, 2554252 bytes).
SyncTeX written on main.synctex.gz.
Transcript written on main.log.
Latexmk: Examining 'build/main.log'
=== TeX engine is 'LuaHBTeX'
Biber warning: [217] Biber.pm:130> WARN - I didn't find a database entry for 'luo2019conv' (section 0)
Biber warning: [217] Biber.pm:130> WARN - I didn't find a database entry for 'enwiki_lsd' (section 0)
Latexmk: applying rule 'lualatex'...
This is LuaHBTeX, Version 1.14.0 (TeX Live 2022/dev/Debian) 
 restricted system commands enabled.
(./main.tex
LaTeX2e <2021-11-15> patch level 1
 L3 programming layer <2022-01-21> (./fict.cls
Document Class: fict 2022/12/20 Faculty of ICT Dissertation template
(/usr/share/texlive/texmf-dist/tex/latex/base/book.cls
Document Class: book 2021/10/04 v1.4n Standard LaTeX document class
(/usr/share/texlive/texmf-dist/tex/latex/base/bk12.clo))
(/usr/share/texlive/texmf-dist/tex/latex/fontspec/fontspec.sty
(/usr/share/texlive/texmf-dist/tex/latex/l3packages/xparse/xparse.sty
(/usr/share/texlive/texmf-dist/tex/latex/l3kernel/expl3.sty
(/usr/share/texlive/texmf-dist/tex/latex/l3backend/l3backend-luatex.def)))
(/usr/share/texlive/texmf-dist/tex/latex/fontspec/fontspec-luatex.sty
(/usr/share/texlive/texmf-dist/tex/latex/base/fontenc.sty)
(/usr/share/texlive/texmf-dist/tex/latex/fontspec/fontspec.cfg)))
(/usr/share/texlive/texmf-dist/tex/latex/lato/lato.sty
(/usr/share/texlive/texmf-dist/tex/latex/fontaxes/fontaxes.sty)
(/usr/share/texlive/texmf-dist/tex/generic/iftex/ifluatex.sty
(/usr/share/texlive/texmf-dist/tex/generic/iftex/iftex.sty))
(/usr/share/texlive/texmf-dist/tex/generic/iftex/ifxetex.sty)
(/usr/share/texlive/texmf-dist/tex/latex/xkeyval/xkeyval.sty
(/usr/share/texlive/texmf-dist/tex/generic/xkeyval/xkeyval.tex
(/usr/share/texlive/texmf-dist/tex/generic/xkeyval/xkvutils.tex
(/usr/share/texlive/texmf-dist/tex/generic/xkeyval/keyval.tex)))))
(/usr/share/texlive/texmf-dist/tex/latex/geometry/geometry.sty
(/usr/share/texlive/texmf-dist/tex/generic/iftex/ifvtex.sty))
(/usr/share/texlive/texmf-dist/tex/latex/setspace/setspace.sty)
(/usr/share/texlive/texmf-dist/tex/latex/graphics/graphicx.sty
(/usr/share/texlive/texmf-dist/tex/latex/graphics/graphics.sty
(/usr/share/texlive/texmf-dist/tex/latex/graphics/trig.sty)
(/usr/share/texlive/texmf-dist/tex/latex/graphics-cfg/graphics.cfg)
(/usr/share/texlive/texmf-dist/tex/latex/graphics-def/luatex.def)))
(/usr/share/texlive/texmf-dist/tex/latex/hyperref/hyperref.sty
(/usr/share/texlive/texmf-dist/tex/generic/ltxcmds/ltxcmds.sty)
(/usr/share/texlive/texmf-dist/tex/generic/pdftexcmds/pdftexcmds.sty
(/usr/share/texlive/texmf-dist/tex/generic/infwarerr/infwarerr.sty))
(/usr/share/texlive/texmf-dist/tex/generic/kvsetkeys/kvsetkeys.sty)
(/usr/share/texlive/texmf-dist/tex/generic/kvdefinekeys/kvdefinekeys.sty)
(/usr/share/texlive/texmf-dist/tex/generic/pdfescape/pdfescape.sty)
(/usr/share/texlive/texmf-dist/tex/latex/hycolor/hycolor.sty)
(/usr/share/texlive/texmf-dist/tex/latex/letltxmacro/letltxmacro.sty)
(/usr/share/texlive/texmf-dist/tex/latex/auxhook/auxhook.sty)
(/usr/share/texlive/texmf-dist/tex/latex/kvoptions/kvoptions.sty)
(/usr/share/texlive/texmf-dist/tex/latex/hyperref/pd1enc.def)
(/usr/share/texlive/texmf-dist/tex/latex/hyperref/hyperref-langpatches.def)
(/usr/share/texlive/texmf-dist/tex/generic/intcalc/intcalc.sty)
(/usr/share/texlive/texmf-dist/tex/generic/etexcmds/etexcmds.sty)
(/usr/share/texlive/texmf-dist/tex/latex/hyperref/puenc.def)
(/usr/share/texlive/texmf-dist/tex/latex/url/url.sty)
(/usr/share/texlive/texmf-dist/tex/generic/bitset/bitset.sty
(/usr/share/texlive/texmf-dist/tex/generic/bigintcalc/bigintcalc.sty))
(/usr/share/texlive/texmf-dist/tex/latex/base/atbegshi-ltx.sty))
(/usr/share/texlive/texmf-dist/tex/latex/hyperref/hluatex.def
(/usr/share/texlive/texmf-dist/tex/generic/stringenc/stringenc.sty)
(/usr/share/texlive/texmf-dist/tex/latex/base/atveryend-ltx.sty)
(/usr/share/texlive/texmf-dist/tex/latex/rerunfilecheck/rerunfilecheck.sty
(/usr/share/texlive/texmf-dist/tex/generic/uniquecounter/uniquecounter.sty)))
(/usr/share/texlive/texmf-dist/tex/latex/amsmath/amsmath.sty
For additional information on amsmath, use the `?' option.
(/usr/share/texlive/texmf-dist/tex/latex/amsmath/amstext.sty
(/usr/share/texlive/texmf-dist/tex/latex/amsmath/amsgen.sty))
(/usr/share/texlive/texmf-dist/tex/latex/amsmath/amsbsy.sty)
(/usr/share/texlive/texmf-dist/tex/latex/amsmath/amsopn.sty))
(/usr/share/texlive/texmf-dist/tex/latex/biblatex/biblatex.sty
(/usr/share/texlive/texmf-dist/tex/latex/etoolbox/etoolbox.sty)
(/usr/share/texlive/texmf-dist/tex/latex/logreq/logreq.sty
(/usr/share/texlive/texmf-dist/tex/latex/logreq/logreq.def))
(/usr/share/texlive/texmf-dist/tex/latex/base/ifthen.sty)
(/usr/share/texlive/texmf-dist/tex/latex/biblatex/blx-dm.def)
(/usr/share/texlive/texmf-dist/tex/latex/biblatex/blx-unicode.def)
(/usr/share/texlive/texmf-dist/tex/latex/biblatex/blx-compat.def)
(/usr/share/texlive/texmf-dist/tex/latex/biblatex/biblatex.def)
(/usr/share/texlive/texmf-dist/tex/latex/biblatex-ieee/ieee.bbx
(/usr/share/texlive/texmf-dist/tex/latex/biblatex/bbx/numeric-comp.bbx
(/usr/share/texlive/texmf-dist/tex/latex/biblatex/bbx/numeric.bbx
(/usr/share/texlive/texmf-dist/tex/latex/biblatex/bbx/standard.bbx))))
(/usr/share/texlive/texmf-dist/tex/latex/biblatex/cbx/numeric-comp.cbx)
(/usr/share/texlive/texmf-dist/tex/latex/biblatex/biblatex.cfg)
(/usr/share/texlive/texmf-dist/tex/latex/biblatex/blx-case-expl3.sty))
(/usr/share/texlive/texmf-dist/tex/latex/tabularray/tabularray.sty)
(/usr/share/texlive/texmf-dist/tex/latex/siunitx/siunitx.sty
(/usr/share/texlive/texmf-dist/tex/latex/translations/translations.sty)
(/usr/share/texlive/texmf-dist/tex/latex/l3packages/l3keys2e/l3keys2e.sty)
(/usr/share/texlive/texmf-dist/tex/latex/tools/array.sty))
(/usr/share/texlive/texmf-dist/tex/latex/titlesec/titlesec.sty)
(/usr/share/texlive/texmf-dist/tex/latex/apptools/apptools.sty)
(/usr/share/texlive/texmf-dist/tex/latex/tocloft/tocloft.sty)
(/usr/share/texlive/texmf-dist/tex/latex/caption/caption.sty
(/usr/share/texlive/texmf-dist/tex/latex/caption/caption3.sty))
(/usr/share/texlive/texmf-dist/tex/latex/algorithms/algorithm.sty
(/usr/share/texlive/texmf-dist/tex/latex/float/float.sty))
(/usr/share/texlive/texmf-dist/tex/latex/algorithmicx/algpseudocode.sty
(/usr/share/texlive/texmf-dist/tex/latex/algorithmicx/algorithmicx.sty
Document Style algorithmicx 1.2 - a greatly improved `algorithmic' style
)
Document Style - pseudocode environments for use with the `algorithmicx' style
) (/usr/share/texlive/texmf-dist/tex/latex/xcolor/xcolor.sty
(/usr/share/texlive/texmf-dist/tex/latex/graphics-cfg/color.cfg))
(/usr/share/texlive/texmf-dist/tex/latex/listings/listings.sty
(/usr/share/texlive/texmf-dist/tex/latex/listings/lstmisc.sty)
(/usr/share/texlive/texmf-dist/tex/latex/listings/listings.cfg))
(/usr/share/texlive/texmf-dist/tex/latex/glossaries/base/glossaries.sty
(/usr/share/texlive/texmf-dist/tex/latex/mfirstuc/mfirstuc.sty)
(/usr/share/texlive/texmf-dist/tex/latex/textcase/textcase.sty)
(/usr/share/texlive/texmf-dist/tex/latex/xfor/xfor.sty)
(/usr/share/texlive/texmf-dist/tex/latex/datatool/datatool-base.sty
(/usr/share/texlive/texmf-dist/tex/latex/substr/substr.sty)
(/usr/share/texlive/texmf-dist/tex/latex/datatool/datatool-fp.sty
(/usr/share/texlive/texmf-dist/tex/latex/fp/fp.sty
`Fixed Point Package', Version 0.8, April 2, 1995 (C) Michael Mehlich
(/usr/share/texlive/texmf-dist/tex/latex/fp/defpattern.sty)
(/usr/share/texlive/texmf-dist/tex/latex/fp/fp-basic.sty)
(/usr/share/texlive/texmf-dist/tex/latex/fp/fp-addons.sty)
(/usr/share/texlive/texmf-dist/tex/latex/fp/fp-snap.sty)
(/usr/share/texlive/texmf-dist/tex/latex/fp/fp-exp.sty)
(/usr/share/texlive/texmf-dist/tex/latex/fp/fp-trigo.sty)
(/usr/share/texlive/texmf-dist/tex/latex/fp/fp-pas.sty)
(/usr/share/texlive/texmf-dist/tex/latex/fp/fp-random.sty)
(/usr/share/texlive/texmf-dist/tex/latex/fp/fp-eqn.sty)
(/usr/share/texlive/texmf-dist/tex/latex/fp/fp-upn.sty)
(/usr/share/texlive/texmf-dist/tex/latex/fp/fp-eval.sty))))
(/usr/share/texlive/texmf-dist/tex/latex/glossaries/base/glossaries-compatible-
307.sty)
(/usr/share/texlive/texmf-dist/tex/latex/glossaries/styles/glossary-hypernav.st
y) (/usr/share/texlive/texmf-dist/tex/latex/glossaries/styles/glossary-list.sty
) (/usr/share/texlive/texmf-dist/tex/latex/glossaries/styles/glossary-long.sty
(/usr/share/texlive/texmf-dist/tex/latex/tools/longtable.sty))
(/usr/share/texlive/texmf-dist/tex/latex/glossaries/styles/glossary-super.sty
(/usr/share/texlive/texmf-dist/tex/latex/supertabular/supertabular.sty))
(/usr/share/texlive/texmf-dist/tex/latex/glossaries/styles/glossary-tree.sty))
(/usr/share/texlive/texmf-dist/tex/latex/fancyhdr/fancyhdr.sty))
(./content/glossary.tex) (./content/acronyms.tex) (./build/main.aux)
(/usr/share/texlive/texmf-dist/tex/latex/base/ts1cmr.fd)
*geometry* driver: auto-detecting
*geometry* detected driver: luatex
(/usr/share/texlive/texmf-dist/tex/context/base/mkii/supp-pdf.mkii
[Loading MPS to PDF converter (version 2006.09.02).]
) (/usr/share/texlive/texmf-dist/tex/latex/epstopdf-pkg/epstopdf-base.sty
(/usr/share/texlive/texmf-dist/tex/latex/latexconfig/epstopdf-sys.cfg))
(/usr/share/texlive/texmf-dist/tex/latex/hyperref/nameref.sty
(/usr/share/texlive/texmf-dist/tex/latex/refcount/refcount.sty)
(/usr/share/texlive/texmf-dist/tex/generic/gettitlestring/gettitlestring.sty))
(./build/main.out) (./build/main.out)
(/usr/share/texlive/texmf-dist/tex/latex/biblatex/lbx/english.lbx)
(./build/main.bbl

Package biblatex Warning: The following entry could not be found
(biblatex)                in the database:
(biblatex)                enwiki_lsd
(biblatex)                Please verify the spelling and rerun
(biblatex)                LaTeX afterwards.


Package biblatex Warning: The following entry could not be found
(biblatex)                in the database:
(biblatex)                luo2019conv
(biblatex)                Please verify the spelling and rerun
(biblatex)                LaTeX afterwards.

) (/usr/share/texlive/texmf-dist/tex/latex/ninecolors/ninecolors.sty)
(/usr/share/texlive/texmf-dist/tex/latex/translations/translations-basic-dictio
nary-english.trsl)
(/usr/share/texlive/texmf-dist/tex/latex/caption/ltcaption.sty)
(./content/title.tex [1{/var/lib/texmf/fonts/map/pdftex/updmap/pdftex.map}<./co
ntent/figures/ict_logo.pdf>]) (./content/abstract.tex)
(./content/acknowledgements.tex
warning  (pdf backend): ignoring duplicate destination with the name 'page.i'
[1]) [2] (./build/main.toc [3]
Overfull \hbox (7.05997pt too wide) in paragraph at lines 29--29
 [][] [][]\TU/Lato(0)/m/n/12 Con-vo-lu-tional Time-domain Au-dio Sep-a-ra-tion 
Net-work (Conv-TasNet)[] []  
) [4] (./build/main.lof) [5] (./build/main.lot) [6] (./build/main.acr)
(./build/main.gls) (./content/chapters/1_introduction/introduction.tex
Chapter 1.
[1] [2<./content/chapters/1_introduction/figures/neuron_vs_ann.png>])
(./content/chapters/2_background/background.tex [3] [4]
Chapter 2.
[5<./content/chapters/2_background/figures//specsub.png>] [6] [7<./content/chap
ters/2_background/figures//wiener_block.png>] [8])
(./content/chapters/3_literature/literature.tex [9]
Chapter 3.
[10<./content/chapters/3_literature/figures//autoencoder.png>])
(./content/chapters/4_specification/specification.tex [11<./content/chapters/3_
literature/figures//weigths.png>]
Chapter 4.
[12<./content/chapters/4_specification/figures//dataset_structure.png>])
(./content/chapters/5_design/design.tex [13<./content/chapters/4_specification/
figures//sample_waveform_and_transcript.png>] [14]
Chapter 5.
[15]

LaTeX Warning: `h' float specifier changed to `ht'.

[16]

LaTeX Warning: Reference `chp:literature_review' on page 17 undefined on input 
line 50.

[17<./content/chapters/5_design/figures//max_padding.png>] [18<./content/chapte
rs/5_design/figures//cnn.png>] [19<./content/chapters/5_design/figures//ced.png
>]

LaTeX Warning: `h' float specifier changed to `ht'.

[20] [21<./content/chapters/5_design/figures//r-ced.png>] [22<./content/chapter
s/5_design/figures//unet.png>]
Overfull \hbox (29.83405pt too wide) in paragraph at lines 128--128
|[]\TU/Lato(0)/b/n/14.4 Con-vo-lu-tional Time-domain Au-dio Sep-a-ra-tion Net-w
ork (Conv-TasNet)| 

LaTeX Warning: Citation 'luo2019conv' on page 23 undefined on input line 130.


LaTeX Warning: Citation 'luo2019conv' on page 23 undefined on input line 135.


LaTeX Warning: Citation 'luo2019conv' on page 23 undefined on input line 135.


LaTeX Warning: `h' float specifier changed to `ht'.

[23] [24<./content/chapters/5_design/figures//conv-tasnet.png>]

LaTeX Warning: Citation 'luo2019conv' on page 25 undefined on input line 153.

) (./content/chapters/6_implementation/implementation.tex [25]
Chapter 6.
[26] [27] [28] [29]

LaTeX Warning: Citation 'enwiki_lsd' on page 30 undefined on input line 78.

[30] [31]) (./content/chapters/7_evaluation/evaluation.tex [32]
Chapter 7.

LaTeX Warning: Reference `chp:literature_review' on page 33 undefined on input 
line 10.

[33] [34]

LaTeX Warning: Citation 'enwiki_lsd' on page 35 undefined on input line 51.

) [35] [36] (./content/appendices/appendix_a.tex [37]
Appendix A.
) (./content/appendices/appendix_b.tex [38]
Appendix B.
) [39
makeindex -s main.ist -t main.glg -o main.gls main.glo
makeindex -s main.ist -t main.alg -o main.acr main.acn
] (./build/main.aux)

LaTeX Warning: There were undefined references.

)
(see the transcript file for additional information)
 863 words of node memory still in use:
   6 hlist, 2 vlist, 2 rule, 2 glue, 4 kern, 1 glyph, 23 attribute, 113 glue_sp
ec, 23 attribute_list, 1 write, 1 pdf_action nodes
   avail lists: 1:3,2:728,3:381,4:54,5:974,6:96,7:6982,8:113,9:400,10:19,11:653

</usr/share/texmf/fonts/opentype/public/lm/lmmono12-regular.otf></usr/share/tex
live/texmf-dist/fonts/truetype/typoland/lato/Lato-Italic.ttf></usr/share/texliv
e/texmf-dist/fonts/truetype/typoland/lato/Lato-Regular.ttf></usr/share/texlive/
texmf-dist/fonts/truetype/typoland/lato/Lato-Bold.ttf></usr/share/texlive/texmf
-dist/fonts/type1/public/amsfonts/cm/cmex10.pfb></usr/share/texlive/texmf-dist/
fonts/type1/public/amsfonts/cm/cmmi12.pfb></usr/share/texlive/texmf-dist/fonts/
type1/public/amsfonts/cm/cmmi8.pfb></usr/share/texlive/texmf-dist/fonts/type1/p
ublic/amsfonts/cm/cmr12.pfb></usr/share/texlive/texmf-dist/fonts/type1/public/a
msfonts/cm/cmr8.pfb></usr/share/texlive/texmf-dist/fonts/type1/public/amsfonts/
cm/cmsy10.pfb></usr/share/texlive/texmf-dist/fonts/type1/public/amsfonts/cm/cms
y8.pfb>
Output written on main.pdf (46 pages, 2554252 bytes).
SyncTeX written on main.synctex.gz.
Transcript written on main.log.
Latexmk: Examining 'build/main.log'
=== TeX engine is 'LuaHBTeX'
Biber warning: [217] Biber.pm:130> WARN - I didn't find a database entry for 'luo2019conv' (section 0)
Biber warning: [217] Biber.pm:130> WARN - I didn't find a database entry for 'enwiki_lsd' (section 0)
Latexmk: All targets (build/main.pdf) are up-to-date
