Virtual environment found, activating
Using GPU: NVIDIA GeForce RTX 3060
Device set to: cuda
--- Dataset ../ED-Noisy-Speech-Datashare loaded successfully ---
@ Time ../ED-Noisy-Speech-Datashare Loading: 0.56 seconds
--- Model `CED` loaded successfully ---
Training & Evaluating Model...
Epoch [1/10] - Loss: 0.6502, Val Loss: 0.6706, Val SNR: 1.09 dB
✔ Model saved to Models/CED_pto.pth (Best Val Loss: 0.6706)
Epoch [2/10] - Loss: 0.6365, Val Loss: 0.6668, Val SNR: 1.09 dB
✔ Model saved to Models/CED_pto.pth (Best Val Loss: 0.6668)
Epoch [3/10] - Loss: 0.6349, Val Loss: 0.6662, Val SNR: 1.09 dB
✔ Model saved to Models/CED_pto.pth (Best Val Loss: 0.6662)
Epoch [4/10] - Loss: 0.6337, Val Loss: 0.6644, Val SNR: 1.10 dB
✔ Model saved to Models/CED_pto.pth (Best Val Loss: 0.6644)
Epoch [5/10] - Loss: 0.6330, Val Loss: 0.6643, Val SNR: 1.10 dB
✔ Model saved to Models/CED_pto.pth (Best Val Loss: 0.6643)
Epoch [6/10] - Loss: 0.6308, Val Loss: 0.6630, Val SNR: 1.10 dB
✔ Model saved to Models/CED_pto.pth (Best Val Loss: 0.6630)
Epoch [7/10] - Loss: 0.6311, Val Loss: 0.6628, Val SNR: 1.10 dB
✔ Model saved to Models/CED_pto.pth (Best Val Loss: 0.6628)
Epoch [8/10] - Loss: 0.6299, Val Loss: 0.6627, Val SNR: 1.10 dB
✔ Model saved to Models/CED_pto.pth (Best Val Loss: 0.6627)
Epoch [9/10] - Loss: 0.6298, Val Loss: 0.6620, Val SNR: 1.10 dB
✔ Model saved to Models/CED_pto.pth (Best Val Loss: 0.6620)
Epoch [10/10] - Loss: 0.6289, Val Loss: 0.6610, Val SNR: 1.10 dB
✔ Model saved to Models/CED_pto.pth (Best Val Loss: 0.6610)
--- Training Complete ---
@ Time PTO Truncation: 66.02 seconds
@ Total Training Time: 1745864356.04 seconds
@ Total Training Time: 29097739.27 minutes
@ Total Training Time: 484962.32 hours
Job finished successfully
