Virtual environment found, activating
Using GPU: NVIDIA GeForce RTX 3060 Ti
Device set to: cuda
Loaded cache file: cache/dynamic/trainset_56spk_buckets.pkl
Loaded cache file: cache/dynamic/trainset_28spk_buckets.pkl
--- Dataset ../ED-Noisy-Speech-Datashare loaded successfully ---
@ Time ../ED-Noisy-Speech-Datashare Loading: 0.12 seconds
--- Model `RCED` loaded successfully ---
Training & Evaluating Model...
Epoch [1/10] - Loss: 0.8089, Val Loss: 0.8117, Val SNR: 1.11 dB
✔ Model saved to Models/RCED_dynamicNO_OOM_.pth (Best Val Loss: 0.8117)
Epoch [2/10] - Loss: 0.8022, Val Loss: 0.8071, Val SNR: 1.11 dB
✔ Model saved to Models/RCED_dynamicNO_OOM_.pth (Best Val Loss: 0.8071)
Epoch [3/10] - Loss: 0.8009, Val Loss: 0.8064, Val SNR: 1.11 dB
✔ Model saved to Models/RCED_dynamicNO_OOM_.pth (Best Val Loss: 0.8064)
Epoch [4/10] - Loss: 0.8001, Val Loss: 0.8056, Val SNR: 1.11 dB
✔ Model saved to Models/RCED_dynamicNO_OOM_.pth (Best Val Loss: 0.8056)
Epoch [5/10] - Loss: 0.7996, Val Loss: 0.8053, Val SNR: 1.11 dB
✔ Model saved to Models/RCED_dynamicNO_OOM_.pth (Best Val Loss: 0.8053)
Epoch [6/10] - Loss: 0.7993, Val Loss: 0.8053, Val SNR: 1.11 dB
✔ Model saved to Models/RCED_dynamicNO_OOM_.pth (Best Val Loss: 0.8053)
Epoch [7/10] - Loss: 0.7990, Val Loss: 0.8049, Val SNR: 1.11 dB
✔ Model saved to Models/RCED_dynamicNO_OOM_.pth (Best Val Loss: 0.8049)
Epoch [8/10] - Loss: 0.7988, Val Loss: 0.8049, Val SNR: 1.11 dB
✔ Model saved to Models/RCED_dynamicNO_OOM_.pth (Best Val Loss: 0.8049)
Epoch [9/10] - Loss: 0.7987, Val Loss: 0.8048, Val SNR: 1.11 dB
✔ Model saved to Models/RCED_dynamicNO_OOM_.pth (Best Val Loss: 0.8048)
Epoch [10/10] - Loss: 0.7985, Val Loss: 0.8048, Val SNR: 1.12 dB
✔ Model saved to Models/RCED_dynamicNO_OOM_.pth (Best Val Loss: 0.8048)
--- Training Complete ---
@ Total Training Time: 15872.66 seconds
@ Total Training Time: 264.54 minutes
@ Total Training Time: 4.41 hours
Job finished successfully

Job 44962 with name RCED_NO_OOM has COMPLETED with Exit Code 0 after a runtime of 04:24:45

You have requested 8G of RAM and you used 60.54% of it, that is, 4.84G
You have requested 4 CPUS and you used 40.46% of them