Virtual environment found, activating
Using GPU: NVIDIA GeForce RTX 3060 Ti
Device set to: cuda
Loaded cache file: cache/dynamic/trainset_56spk_buckets.pkl
Loaded cache file: cache/dynamic/trainset_28spk_buckets.pkl
--- Dataset ../ED-Noisy-Speech-Datashare loaded successfully ---
@ Time ../ED-Noisy-Speech-Datashare Loading: 0.92 seconds
--- Model `RCED` loaded successfully ---
Training & Evaluating Model...
Epoch [1/10] - Loss: 0.8085, Val Loss: 0.8090, Val SNR: 1.11 dB
✔ Model saved to Models/RCED_dynamic.pth (Best Val Loss: 0.8090)
Epoch [2/10] - Loss: 0.8030, Val Loss: 0.8082, Val SNR: 1.11 dB
✔ Model saved to Models/RCED_dynamic.pth (Best Val Loss: 0.8082)
Epoch [3/10] - Loss: 0.8023, Val Loss: 0.8077, Val SNR: 1.11 dB
✔ Model saved to Models/RCED_dynamic.pth (Best Val Loss: 0.8077)
Epoch [4/10] - Loss: 0.8022, Val Loss: 0.8076, Val SNR: 1.11 dB
✔ Model saved to Models/RCED_dynamic.pth (Best Val Loss: 0.8076)
Epoch [5/10] - Loss: 0.8019, Val Loss: 0.8075, Val SNR: 1.11 dB
✔ Model saved to Models/RCED_dynamic.pth (Best Val Loss: 0.8075)
Epoch [6/10] - Loss: 0.8014, Val Loss: 0.8080, Val SNR: 1.11 dB
Epoch [7/10] - Loss: 0.8011, Val Loss: 0.8064, Val SNR: 1.11 dB
✔ Model saved to Models/RCED_dynamic.pth (Best Val Loss: 0.8064)
Epoch [8/10] - Loss: 0.8007, Val Loss: 0.8069, Val SNR: 1.11 dB
Epoch [9/10] - Loss: 0.8002, Val Loss: 0.8056, Val SNR: 1.11 dB
✔ Model saved to Models/RCED_dynamic.pth (Best Val Loss: 0.8056)
Epoch [10/10] - Loss: 0.7999, Val Loss: 0.8061, Val SNR: 1.11 dB
--- Training Complete ---
@ Total Training Time: 10482.07 seconds
@ Total Training Time: 174.70 minutes
@ Total Training Time: 2.91 hours
Job finished successfully
