Virtual environment found, activating
Using GPU: NVIDIA GeForce RTX 3060
Device set to: cuda
Loaded cache file: cache/dynamic/trainset_56spk_buckets.pkl
Loaded cache file: cache/dynamic/trainset_28spk_buckets.pkl
--- Dataset ../ED-Noisy-Speech-Datashare loaded successfully ---
@ Time ../ED-Noisy-Speech-Datashare Loading: 0.76 seconds
--- Model `ConvTasNet` loaded successfully ---
Training & Evaluating Model...
Epoch [1/25] - Loss: 0.1299, Val Loss: 0.1008, Val SNR: 4.62 dB
✔ Model saved to Models/25/ConvTasNet_dynamic.pth (Best Val Loss: 0.1008)
Epoch [2/25] - Loss: 0.0985, Val Loss: 0.0922, Val SNR: 5.90 dB
✔ Model saved to Models/25/ConvTasNet_dynamic.pth (Best Val Loss: 0.0922)
Epoch [3/25] - Loss: 0.0947, Val Loss: 0.0903, Val SNR: 5.16 dB
✔ Model saved to Models/25/ConvTasNet_dynamic.pth (Best Val Loss: 0.0903)
Epoch [4/25] - Loss: 0.0920, Val Loss: 0.0867, Val SNR: 5.28 dB
✔ Model saved to Models/25/ConvTasNet_dynamic.pth (Best Val Loss: 0.0867)
Epoch [5/25] - Loss: 0.0882, Val Loss: 0.0847, Val SNR: 5.24 dB
✔ Model saved to Models/25/ConvTasNet_dynamic.pth (Best Val Loss: 0.0847)
Epoch [6/25] - Loss: 0.0864, Val Loss: 0.0830, Val SNR: 4.82 dB
✔ Model saved to Models/25/ConvTasNet_dynamic.pth (Best Val Loss: 0.0830)
Epoch [7/25] - Loss: 0.0844, Val Loss: 0.0812, Val SNR: 5.72 dB
✔ Model saved to Models/25/ConvTasNet_dynamic.pth (Best Val Loss: 0.0812)
Epoch [8/25] - Loss: 0.0830, Val Loss: 0.0802, Val SNR: 5.65 dB
✔ Model saved to Models/25/ConvTasNet_dynamic.pth (Best Val Loss: 0.0802)
Epoch [9/25] - Loss: 0.0822, Val Loss: 0.0818, Val SNR: 4.07 dB
Epoch [10/25] - Loss: 0.0816, Val Loss: 0.0801, Val SNR: 5.38 dB
✔ Model saved to Models/25/ConvTasNet_dynamic.pth (Best Val Loss: 0.0801)
Epoch [11/25] - Loss: 0.0775, Val Loss: 0.0764, Val SNR: 6.19 dB
✔ Model saved to Models/25/ConvTasNet_dynamic.pth (Best Val Loss: 0.0764)
Epoch [12/25] - Loss: 0.0770, Val Loss: 0.0759, Val SNR: 6.12 dB
✔ Model saved to Models/25/ConvTasNet_dynamic.pth (Best Val Loss: 0.0759)
Epoch [13/25] - Loss: 0.0766, Val Loss: 0.0755, Val SNR: 6.07 dB
✔ Model saved to Models/25/ConvTasNet_dynamic.pth (Best Val Loss: 0.0755)
Epoch [14/25] - Loss: 0.0762, Val Loss: 0.0751, Val SNR: 6.23 dB
✔ Model saved to Models/25/ConvTasNet_dynamic.pth (Best Val Loss: 0.0751)
Epoch [15/25] - Loss: 0.0759, Val Loss: 0.0748, Val SNR: 6.37 dB
✔ Model saved to Models/25/ConvTasNet_dynamic.pth (Best Val Loss: 0.0748)
Epoch [16/25] - Loss: 0.0756, Val Loss: 0.0745, Val SNR: 6.40 dB
✔ Model saved to Models/25/ConvTasNet_dynamic.pth (Best Val Loss: 0.0745)
Epoch [17/25] - Loss: 0.0753, Val Loss: 0.0742, Val SNR: 6.39 dB
✔ Model saved to Models/25/ConvTasNet_dynamic.pth (Best Val Loss: 0.0742)
Epoch [18/25] - Loss: 0.0750, Val Loss: 0.0740, Val SNR: 6.40 dB
✔ Model saved to Models/25/ConvTasNet_dynamic.pth (Best Val Loss: 0.0740)
Epoch [19/25] - Loss: 0.0748, Val Loss: 0.0738, Val SNR: 6.42 dB
✔ Model saved to Models/25/ConvTasNet_dynamic.pth (Best Val Loss: 0.0738)
Epoch [20/25] - Loss: 0.0746, Val Loss: 0.0736, Val SNR: 6.46 dB
✔ Model saved to Models/25/ConvTasNet_dynamic.pth (Best Val Loss: 0.0736)
Epoch [21/25] - Loss: 0.0728, Val Loss: 0.0729, Val SNR: 6.84 dB
✔ Model saved to Models/25/ConvTasNet_dynamic.pth (Best Val Loss: 0.0729)
Epoch [22/25] - Loss: 0.0726, Val Loss: 0.0727, Val SNR: 6.86 dB
✔ Model saved to Models/25/ConvTasNet_dynamic.pth (Best Val Loss: 0.0727)
Epoch [23/25] - Loss: 0.0724, Val Loss: 0.0726, Val SNR: 6.89 dB
✔ Model saved to Models/25/ConvTasNet_dynamic.pth (Best Val Loss: 0.0726)
Epoch [24/25] - Loss: 0.0723, Val Loss: 0.0725, Val SNR: 6.89 dB
✔ Model saved to Models/25/ConvTasNet_dynamic.pth (Best Val Loss: 0.0725)
Epoch [25/25] - Loss: 0.0722, Val Loss: 0.0724, Val SNR: 6.92 dB
✔ Model saved to Models/25/ConvTasNet_dynamic.pth (Best Val Loss: 0.0724)
--- Training Complete ---
@ Total Training Time: 64159.41 seconds
@ Total Training Time: 1069.32 minutes
@ Total Training Time: 17.82 hours
Job finished successfully

Job 45901 with name ConvTasNet has COMPLETED with Exit Code 0 after a runtime of 17:49:31

You have requested 8G of RAM and you used 66.98% of it, that is, 5.36G
You have requested 4 CPUS and you used 34.05% of them


elif model_name == "ConvTasNet":   
    model = ConvTasNet(
        enc_dim=128,
        feature_dim=48,
        kernel_size=(5, 5),
        num_layers=3,
        num_stacks=1
    )