Virtual environment found, activating
Using GPU: NVIDIA GeForce RTX 3060 Ti
Device set to: cuda
Loaded cache file: cache/dynamic/trainset_56spk_buckets.pkl
Loaded cache file: cache/dynamic/trainset_28spk_buckets.pkl
--- Dataset ../ED-Noisy-Speech-Datashare loaded successfully ---
@ Time ../ED-Noisy-Speech-Datashare Loading: 0.88 seconds
--- Model `CED` loaded successfully ---
Training & Evaluating Model...
Epoch [1/25] - Loss: 0.8730, Val Loss: 0.8495, Val SNR: 1.09 dB
✔ Model saved to Models/CED_dynamic.pth (Best Val Loss: 0.8495)
Epoch [2/25] - Loss: 0.8437, Val Loss: 0.8441, Val SNR: 1.09 dB
✔ Model saved to Models/CED_dynamic.pth (Best Val Loss: 0.8441)
Epoch [3/25] - Loss: 0.8393, Val Loss: 0.8406, Val SNR: 1.09 dB
✔ Model saved to Models/CED_dynamic.pth (Best Val Loss: 0.8406)
Epoch [4/25] - Loss: 0.8370, Val Loss: 0.8391, Val SNR: 1.09 dB
✔ Model saved to Models/CED_dynamic.pth (Best Val Loss: 0.8391)
Epoch [5/25] - Loss: 0.8355, Val Loss: 0.8379, Val SNR: 1.09 dB
✔ Model saved to Models/CED_dynamic.pth (Best Val Loss: 0.8379)
Epoch [6/25] - Loss: 0.8348, Val Loss: 0.8376, Val SNR: 1.09 dB
✔ Model saved to Models/CED_dynamic.pth (Best Val Loss: 0.8376)
Epoch [7/25] - Loss: 0.8344, Val Loss: 0.8373, Val SNR: 1.09 dB
✔ Model saved to Models/CED_dynamic.pth (Best Val Loss: 0.8373)
Epoch [8/25] - Loss: 0.8340, Val Loss: 0.8368, Val SNR: 1.09 dB
✔ Model saved to Models/CED_dynamic.pth (Best Val Loss: 0.8368)
Epoch [9/25] - Loss: 0.8335, Val Loss: 0.8363, Val SNR: 1.09 dB
✔ Model saved to Models/CED_dynamic.pth (Best Val Loss: 0.8363)
Epoch [10/25] - Loss: 0.8330, Val Loss: 0.8359, Val SNR: 1.09 dB
✔ Model saved to Models/CED_dynamic.pth (Best Val Loss: 0.8359)
Epoch [11/25] - Loss: 0.8324, Val Loss: 0.8354, Val SNR: 1.09 dB
✔ Model saved to Models/CED_dynamic.pth (Best Val Loss: 0.8354)
Epoch [12/25] - Loss: 0.8322, Val Loss: 0.8352, Val SNR: 1.09 dB
✔ Model saved to Models/CED_dynamic.pth (Best Val Loss: 0.8352)
Epoch [13/25] - Loss: 0.8320, Val Loss: 0.8349, Val SNR: 1.09 dB
✔ Model saved to Models/CED_dynamic.pth (Best Val Loss: 0.8349)
Epoch [14/25] - Loss: 0.8318, Val Loss: 0.8348, Val SNR: 1.09 dB
✔ Model saved to Models/CED_dynamic.pth (Best Val Loss: 0.8348)
Epoch [15/25] - Loss: 0.8316, Val Loss: 0.8346, Val SNR: 1.09 dB
✔ Model saved to Models/CED_dynamic.pth (Best Val Loss: 0.8346)
Epoch [16/25] - Loss: 0.8314, Val Loss: 0.8344, Val SNR: 1.10 dB
✔ Model saved to Models/CED_dynamic.pth (Best Val Loss: 0.8344)
Epoch [17/25] - Loss: 0.8312, Val Loss: 0.8342, Val SNR: 1.10 dB
✔ Model saved to Models/CED_dynamic.pth (Best Val Loss: 0.8342)
Epoch [18/25] - Loss: 0.8311, Val Loss: 0.8341, Val SNR: 1.10 dB
✔ Model saved to Models/CED_dynamic.pth (Best Val Loss: 0.8341)
Epoch [19/25] - Loss: 0.8309, Val Loss: 0.8339, Val SNR: 1.10 dB
✔ Model saved to Models/CED_dynamic.pth (Best Val Loss: 0.8339)
Epoch [20/25] - Loss: 0.8307, Val Loss: 0.8338, Val SNR: 1.10 dB
✔ Model saved to Models/CED_dynamic.pth (Best Val Loss: 0.8338)
Epoch [21/25] - Loss: 0.8305, Val Loss: 0.8336, Val SNR: 1.10 dB
✔ Model saved to Models/CED_dynamic.pth (Best Val Loss: 0.8336)
Epoch [22/25] - Loss: 0.8304, Val Loss: 0.8336, Val SNR: 1.10 dB
✔ Model saved to Models/CED_dynamic.pth (Best Val Loss: 0.8336)
Epoch [23/25] - Loss: 0.8303, Val Loss: 0.8335, Val SNR: 1.10 dB
✔ Model saved to Models/CED_dynamic.pth (Best Val Loss: 0.8335)
Epoch [24/25] - Loss: 0.8303, Val Loss: 0.8334, Val SNR: 1.10 dB
✔ Model saved to Models/CED_dynamic.pth (Best Val Loss: 0.8334)
Epoch [25/25] - Loss: 0.8302, Val Loss: 0.8334, Val SNR: 1.10 dB
✔ Model saved to Models/CED_dynamic.pth (Best Val Loss: 0.8334)
--- Training Complete ---
@ Total Training Time: 19625.47 seconds
@ Total Training Time: 327.09 minutes
@ Total Training Time: 5.45 hours
Job finished successfully


Job 45027 with name CED has COMPLETED with Exit Code 0 after a runtime of 05:27:24

You have requested 8G of RAM and you used 64.36% of it, that is, 5.15G
You have requested 4 CPUS and you used 58.60% of them