Virtual environment found, activating
Using GPU: NVIDIA GeForce RTX 3060
Device set to: cuda
--- Dataset ../ED-Noisy-Speech-Datashare loaded successfully ---
@ Time ../ED-Noisy-Speech-Datashare Loading: 0.58 seconds
--- Model `CED` loaded successfully ---
Training & Evaluating Model...
Epoch [1/10] - Loss: 0.6470, Val Loss: 0.6686, Val SNR: 1.09 dB
✔ Model saved to Models/CED_pto.pth (Best Val Loss: 0.6686)
Epoch [2/10] - Loss: 0.6343, Val Loss: 0.6651, Val SNR: 1.10 dB
✔ Model saved to Models/CED_pto.pth (Best Val Loss: 0.6651)
Epoch [3/10] - Loss: 0.6326, Val Loss: 0.6646, Val SNR: 1.10 dB
✔ Model saved to Models/CED_pto.pth (Best Val Loss: 0.6646)
Epoch [4/10] - Loss: 0.6315, Val Loss: 0.6639, Val SNR: 1.10 dB
✔ Model saved to Models/CED_pto.pth (Best Val Loss: 0.6639)
Epoch [5/10] - Loss: 0.6306, Val Loss: 0.6630, Val SNR: 1.10 dB
✔ Model saved to Models/CED_pto.pth (Best Val Loss: 0.6630)
Epoch [6/10] - Loss: 0.6285, Val Loss: 0.6624, Val SNR: 1.10 dB
✔ Model saved to Models/CED_pto.pth (Best Val Loss: 0.6624)
Epoch [7/10] - Loss: 0.6298, Val Loss: 0.6621, Val SNR: 1.10 dB
✔ Model saved to Models/CED_pto.pth (Best Val Loss: 0.6621)
Epoch [8/10] - Loss: 0.6282, Val Loss: 0.6616, Val SNR: 1.10 dB
✔ Model saved to Models/CED_pto.pth (Best Val Loss: 0.6616)
Epoch [9/10] - Loss: 0.6284, Val Loss: 0.6624, Val SNR: 1.10 dB
Epoch [10/10] - Loss: 0.6288, Val Loss: 0.6633, Val SNR: 1.10 dB
--- Training Complete ---
@ Time PTO Truncation: 58.56 seconds
Job finished successfully
