Virtual environment found, activating
Using GPU: NVIDIA GeForce RTX 3060
Device set to: cuda
Loaded cache file: cache/dynamic/trainset_56spk_buckets.pkl
Loaded cache file: cache/dynamic/trainset_28spk_buckets.pkl
--- Dataset ../ED-Noisy-Speech-Datashare loaded successfully ---
@ Time ../ED-Noisy-Speech-Datashare Loading: 0.58 seconds
--- Model `CED` loaded successfully ---
Training & Evaluating Model...
Epoch [1/10] - Loss: 0.8550, Val Loss: 0.8418, Val SNR: 1.09 dB
✔ Model saved to Models/CED_dynamic.pth (Best Val Loss: 0.8418)
Epoch [2/10] - Loss: 0.8359, Val Loss: 0.8367, Val SNR: 1.09 dB
✔ Model saved to Models/CED_dynamic.pth (Best Val Loss: 0.8367)
Epoch [3/10] - Loss: 0.8330, Val Loss: 0.8347, Val SNR: 1.09 dB
✔ Model saved to Models/CED_dynamic.pth (Best Val Loss: 0.8347)
Epoch [4/10] - Loss: 0.8311, Val Loss: 0.8337, Val SNR: 1.10 dB
✔ Model saved to Models/CED_dynamic.pth (Best Val Loss: 0.8337)
Epoch [5/10] - Loss: 0.8298, Val Loss: 0.8329, Val SNR: 1.10 dB
✔ Model saved to Models/CED_dynamic.pth (Best Val Loss: 0.8329)
Epoch [6/10] - Loss: 0.8292, Val Loss: 0.8318, Val SNR: 1.10 dB
✔ Model saved to Models/CED_dynamic.pth (Best Val Loss: 0.8318)
Epoch [7/10] - Loss: 0.8283, Val Loss: 0.8311, Val SNR: 1.10 dB
✔ Model saved to Models/CED_dynamic.pth (Best Val Loss: 0.8311)
Epoch [8/10] - Loss: 0.8276, Val Loss: 0.8306, Val SNR: 1.10 dB
✔ Model saved to Models/CED_dynamic.pth (Best Val Loss: 0.8306)
Epoch [9/10] - Loss: 0.8269, Val Loss: 0.8300, Val SNR: 1.10 dB
✔ Model saved to Models/CED_dynamic.pth (Best Val Loss: 0.8300)
Epoch [10/10] - Loss: 0.8262, Val Loss: 0.8298, Val SNR: 1.10 dB
✔ Model saved to Models/CED_dynamic.pth (Best Val Loss: 0.8298)
--- Training Complete ---
Job finished successfully
