Virtual environment found, activating
Using GPU: NVIDIA GeForce RTX 3060 Ti
Device set to: cuda
Loaded cache file: cache/dynamic/trainset_56spk_buckets.pkl
Loaded cache file: cache/dynamic/trainset_28spk_buckets.pkl
--- Dataset ../ED-Noisy-Speech-Datashare loaded successfully ---
@ Time ../ED-Noisy-Speech-Datashare Loading: 0.13 seconds
--- Model `ConvTasNet` loaded successfully ---
Training & Evaluating Model...
Epoch [1/25] - Loss: 0.1462, Val Loss: 0.1141, Val SNR: 3.60 dB
✔ Model saved to Models/ConvTasNet_dynamic.pth (Best Val Loss: 0.1141)
Epoch [2/25] - Loss: 0.1077, Val Loss: 0.1040, Val SNR: 3.92 dB
✔ Model saved to Models/ConvTasNet_dynamic.pth (Best Val Loss: 0.1040)
Epoch [3/25] - Loss: 0.0992, Val Loss: 0.0967, Val SNR: 4.13 dB
✔ Model saved to Models/ConvTasNet_dynamic.pth (Best Val Loss: 0.0967)
Epoch [4/25] - Loss: 0.0967, Val Loss: 0.0942, Val SNR: 4.19 dB
✔ Model saved to Models/ConvTasNet_dynamic.pth (Best Val Loss: 0.0942)
Epoch [5/25] - Loss: 0.0945, Val Loss: 0.0911, Val SNR: 4.27 dB
✔ Model saved to Models/ConvTasNet_dynamic.pth (Best Val Loss: 0.0911)
Epoch [6/25] - Loss: 0.0927, Val Loss: 0.0911, Val SNR: 4.28 dB
Epoch [7/25] - Loss: 0.0910, Val Loss: 0.0898, Val SNR: 4.33 dB
✔ Model saved to Models/ConvTasNet_dynamic.pth (Best Val Loss: 0.0898)
Epoch [8/25] - Loss: 0.0896, Val Loss: 0.0885, Val SNR: 4.36 dB
✔ Model saved to Models/ConvTasNet_dynamic.pth (Best Val Loss: 0.0885)
Epoch [9/25] - Loss: 0.0884, Val Loss: 0.0923, Val SNR: 4.16 dB
Epoch [10/25] - Loss: 0.0887, Val Loss: 0.0847, Val SNR: 4.47 dB
✔ Model saved to Models/ConvTasNet_dynamic.pth (Best Val Loss: 0.0847)
Epoch [11/25] - Loss: 0.0834, Val Loss: 0.0820, Val SNR: 4.58 dB
✔ Model saved to Models/ConvTasNet_dynamic.pth (Best Val Loss: 0.0820)
Epoch [12/25] - Loss: 0.0827, Val Loss: 0.0813, Val SNR: 4.60 dB
✔ Model saved to Models/ConvTasNet_dynamic.pth (Best Val Loss: 0.0813)
Epoch [13/25] - Loss: 0.0831, Val Loss: 0.0823, Val SNR: 4.55 dB
Epoch [14/25] - Loss: 0.0825, Val Loss: 0.0819, Val SNR: 4.57 dB
Epoch [15/25] - Loss: 0.0818, Val Loss: 0.0813, Val SNR: 4.58 dB
✔ Model saved to Models/ConvTasNet_dynamic.pth (Best Val Loss: 0.0813)
Epoch [16/25] - Loss: 0.0812, Val Loss: 0.0808, Val SNR: 4.59 dB
✔ Model saved to Models/ConvTasNet_dynamic.pth (Best Val Loss: 0.0808)
Epoch [17/25] - Loss: 0.0808, Val Loss: 0.0804, Val SNR: 4.60 dB
✔ Model saved to Models/ConvTasNet_dynamic.pth (Best Val Loss: 0.0804)
Epoch [18/25] - Loss: 0.0804, Val Loss: 0.0800, Val SNR: 4.62 dB
✔ Model saved to Models/ConvTasNet_dynamic.pth (Best Val Loss: 0.0800)
Epoch [19/25] - Loss: 0.0800, Val Loss: 0.0794, Val SNR: 4.64 dB
✔ Model saved to Models/ConvTasNet_dynamic.pth (Best Val Loss: 0.0794)
Epoch [20/25] - Loss: 0.0795, Val Loss: 0.0790, Val SNR: 4.65 dB
✔ Model saved to Models/ConvTasNet_dynamic.pth (Best Val Loss: 0.0790)
Epoch [21/25] - Loss: 0.0774, Val Loss: 0.0770, Val SNR: 4.74 dB
✔ Model saved to Models/ConvTasNet_dynamic.pth (Best Val Loss: 0.0770)
Epoch [22/25] - Loss: 0.0771, Val Loss: 0.0767, Val SNR: 4.74 dB
✔ Model saved to Models/ConvTasNet_dynamic.pth (Best Val Loss: 0.0767)
Epoch [23/25] - Loss: 0.0768, Val Loss: 0.0764, Val SNR: 4.75 dB
✔ Model saved to Models/ConvTasNet_dynamic.pth (Best Val Loss: 0.0764)
Epoch [24/25] - Loss: 0.0766, Val Loss: 0.0763, Val SNR: 4.75 dB
✔ Model saved to Models/ConvTasNet_dynamic.pth (Best Val Loss: 0.0763)
Epoch [25/25] - Loss: 0.0764, Val Loss: 0.0760, Val SNR: 4.76 dB
✔ Model saved to Models/ConvTasNet_dynamic.pth (Best Val Loss: 0.0760)
--- Training Complete ---
@ Total Training Time: 47337.67 seconds
@ Total Training Time: 788.96 minutes
@ Total Training Time: 13.15 hours
Job finished successfully

Job 45025 with name ConvTasNet has COMPLETED with Exit Code 0 after a runtime of 13:09:11

You have requested 8G of RAM and you used 63.91% of it, that is, 5.11G
You have requested 4 CPUS and you used 37.58% of them
