Rc files read:
  /etc/LatexMk
  latexmkrc
Latexmk: This is Latexmk, John Collins, 20 November 2021, version: 4.76.
Latexmk: making output directory 'build'
Rule 'lualatex': File changes, etc:
   Changed files, or newly in use since previous run(s):
      'main.tex'
------------
Run number 1 of rule 'lualatex'
------------
------------
Running 'lualatex  -halt-on-error -synctex=1 -recorder -output-directory="build"  "main.tex"'
------------
Latexmk: Missing bbl file 'build/main.bbl' in following:
 No file main.bbl.
Latexmk: Missing input file 'main.acr' (or dependence on it) from following:
  'No file main.acr.'
Latexmk: Missing input file 'main.gls' (or dependence on it) from following:
  'No file main.gls.'
Latexmk: References changed.
Latexmk: References changed.
Latexmk: Log file says output to 'main.pdf'
Latexmk: List of undefined refs and citations:
  Citation 'Luo2018ConvTasNetSI' on page 40 undefined on input line 259
  Citation 'azarang2020review' on page 11 undefined on input line 34
  Citation 'ccby4' on page 13 undefined on input line 10
  Citation 'dubey2016evaluation' on page 3 undefined on input line 17
  Citation 'dubey2016evaluation' on page 3 undefined on input line 20
  Citation 'dubey2016evaluation' on page 4 undefined on input line 43
  Citation 'dubey2016evaluation' on page 5 undefined on input line 62
  Citation 'dubey2016evaluation' on page 5 undefined on input line 67
  Citation 'edinburghdataset' on page 13 undefined on input line 10
  Citation 'ephraim1984speech' on page 5 undefined on input line 72
  Citation 'epoch2021' on page 12 undefined on input line 51
  Citation 'ghosh2020perceptron' on page 10 undefined on input line 18
  Citation 'itutp862' on page 8 undefined on input line 128
  Citation 'kim2024residual' on page 12 undefined on input line 56
  Citation 'loizou2013speech' on page 1 undefined on input line 7
  Citation 'loizou2013speech' on page 3 undefined on input line 10
  Citation 'loizou2013speech' on page 4 undefined on input line 37
  Citation 'loizou2013speech' on page 4 undefined on input line 43
  Citation 'loizou2013speech' on page 5 undefined on input line 67
  Citation 'luo2019conv' on page 21 undefined on input line 107
  Citation 'luo2019conv' on page 21 undefined on input line 112
  Citation 'luo2019conv' on page 22 undefined on input line 125
  Citation 'mindspore_mixed_precision' on page 28 undefined on input line 94
  Citation 'mindspore_mixed_precision' on page 28 undefined on input line 99
  Citation 'park2017acoustic' on page 17 undefined on input line 52
  Citation 'park2017acoustic' on page 18 undefined on input line 57
  Citation 'park2017acoustic' on page 19 undefined on input line 69
  Citation 'park2017acoustic' on page 19 undefined on input line 74
  Citation 'park2017acoustic' on page 22 undefined on input line 123
  Citation 'park2017acoustic' on page 37 undefined on input line 194
  Citation 'park2017acoustic' on page 39 undefined on input line 249
  Citation 'ronneberger2015unet' on page 20 undefined on input line 88
  Citation 'vachhani2017dae' on page 11 undefined on input line 39
  Citation 'wei2016mmse' on page 7 undefined on input line 92
  Citation 'yoon2020pto' on page 15 undefined on input line 20
  Citation 'yoon2020pto' on page 26 undefined on input line 53
  Reference `chp:deployment' on page 41 undefined on input line 6
  Reference `chp:evaluation' on page 12 undefined on input line 58
  Reference `chp:evaluation' on page 16 undefined on input line 22
  Reference `chp:implementation' on page 16 undefined on input line 22
  Reference `fig:cnn_training_plot' on page 36 undefined on input line 186
  Reference `fig:dataset_config' on page 31 undefined on input line 18
  Reference `fig:dataset_structure' on page 13 undefined on input line 21
  Reference `fig:fp16_vs_fp32' on page 28 undefined on input line 94
  Reference `fig:max_padding' on page 15 undefined on input line 18
  Reference `fig:mmse_lsa_block' on page 6 undefined on input line 82
  Reference `fig:neuron_vs_ann' on page 10 undefined on input line 13
  Reference `fig:oom_error' on page 27 undefined on input line 81
  Reference `fig:scaled_loss' on page 29 undefined on input line 103
  Reference `fig:static_pad' on page 25 undefined on input line 28
  Reference `sec:dataset_exploration' on page 15 undefined on input line 8
  Reference `sec:machine_learning' on page 16 undefined on input line 27
  Reference `sec:oom_handling' on page 33 undefined on input line 77
  Reference `sec:variable_length_handling' on page 24 undefined on input line 8
  Reference `sec:variable_length_handling' on page 41 undefined on input line 13
  Reference `tab:classical_metrics' on page 35 undefined on input line 159
  Reference `tab:dataset_loading_times' on page 32 undefined on input line 26
  Reference `tab:dataset_loading_times' on page 32 undefined on input line 44
  Reference `tab:dataset_performance' on page 33 undefined on input line 50
  Reference `tab:dataset_performance' on page 33 undefined on input line 68
  Reference `tab:ml_denoise' on page 39 undefined on input line 247
  Reference `tab:ml_training' on page 36 undefined on input line 186
  Reference `tab:oom_metrics' on page 34 undefined on input line 107
  Reference `tab:oom_metrics' on page 34 undefined on input line 125
  Reference `tab:oom_training' on page 34 undefined on input line 105
  Reference `tab:oom_training' on page 34 undefined on input line 87
Rule 'cusdep glo gls build/main': The following rules & subrules became out-of-date:
      'cusdep glo gls build/main'
------------
Run number 1 of rule 'cusdep glo gls build/main'
------------
Rule 'biber build/main': File changes, etc:
   Changed files, or newly in use since previous run(s):
      'build/main.bcf'
------------
Run number 1 of rule 'biber build/main'
------------
------------
Running 'biber  "build/main.bcf"'
------------
Use of uninitialized value in quotemeta at /usr/share/perl5/Biber/Config.pm line 228.
Use of uninitialized value $tool in concatenation (.) or string at /usr/share/perl5/Biber/Config.pm line 307.
Latexmk: Found biber source file(s) [build/main.bcf references.bib]
Rule 'cusdep acn acr build/main': The following rules & subrules became out-of-date:
      'cusdep acn acr build/main'
------------
Run number 1 of rule 'cusdep acn acr build/main'
------------
Rule 'lualatex': File changes, etc:
   Changed files, or newly in use since previous run(s):
      'build/main.acr'
      'build/main.aux'
      'build/main.bbl'
      'build/main.gls'
      'build/main.out'
------------
Run number 2 of rule 'lualatex'
------------
------------
Running 'lualatex  -halt-on-error -synctex=1 -recorder -output-directory="build"  "main.tex"'
------------
Latexmk: Found input bbl file 'build/main.bbl'
Latexmk: References changed.
Latexmk: Log file says output to 'main.pdf'
Latexmk: List of undefined refs and citations:
  Citation 'luo2019conv' on page 21 undefined on input line 107
  Citation 'luo2019conv' on page 21 undefined on input line 112
  Citation 'luo2019conv' on page 22 undefined on input line 125
  Reference `chp:deployment' on page 43 undefined on input line 6
Latexmk: Found biber source file(s) [build/main.bcf references.bib]
Rule 'biber build/main': File changes, etc:
   Changed files, or newly in use since previous run(s):
      'build/main.bcf'
------------
Run number 2 of rule 'biber build/main'
------------
------------
Running 'biber  "build/main.bcf"'
------------
Use of uninitialized value in quotemeta at /usr/share/perl5/Biber/Config.pm line 228.
Use of uninitialized value $tool in concatenation (.) or string at /usr/share/perl5/Biber/Config.pm line 307.
Latexmk: Found biber source file(s) [build/main.bcf references.bib]
Rule 'lualatex': File changes, etc:
   Changed files, or newly in use since previous run(s):
      'build/main.aux'
      'build/main.bbl'
      'build/main.lof'
      'build/main.lot'
      'build/main.run.xml'
      'build/main.toc'
------------
Run number 3 of rule 'lualatex'
------------
------------
Running 'lualatex  -halt-on-error -synctex=1 -recorder -output-directory="build"  "main.tex"'
------------
Latexmk: Found input bbl file 'build/main.bbl'
Latexmk: Log file says output to 'main.pdf'
Latexmk: List of undefined refs and citations:
  Citation 'luo2019conv' on page 21 undefined on input line 107
  Citation 'luo2019conv' on page 21 undefined on input line 112
  Citation 'luo2019conv' on page 22 undefined on input line 125
  Reference `chp:deployment' on page 43 undefined on input line 6
Latexmk: Found biber source file(s) [build/main.bcf references.bib]
Rule 'lualatex': File changes, etc:
   Changed files, or newly in use since previous run(s):
      'build/main.aux'
      'build/main.run.xml'
------------
Run number 4 of rule 'lualatex'
------------
------------
Running 'lualatex  -halt-on-error -synctex=1 -recorder -output-directory="build"  "main.tex"'
------------
Latexmk: Found input bbl file 'build/main.bbl'
Latexmk: Log file says output to 'main.pdf'
Latexmk: List of undefined refs and citations:
  Citation 'luo2019conv' on page 21 undefined on input line 107
  Citation 'luo2019conv' on page 21 undefined on input line 112
  Citation 'luo2019conv' on page 22 undefined on input line 125
  Reference `chp:deployment' on page 43 undefined on input line 6
Latexmk: Found biber source file(s) [build/main.bcf references.bib]
Latexmk: Summary of warnings from last run of *latex:
  Latex failed to resolve 2 reference(s)
  Latex failed to resolve 4 citation(s)
